Copyright 1986-2020 Xilinx, Inc. All Rights Reserved.
---------------------------------------------------------------------------------------------------------------------------------------
| Tool Version : Vivado v.2020.2 (lin64) Build 3064766 Wed Nov 18 09:12:47 MST 2020
| Date         : Wed Mar 16 16:45:01 2022
| Host         : mconsonni-All-Series running 64-bit Ubuntu 20.04.4 LTS
| Command      : report_drc -file design_1_wrapper_drc_opted.rpt -pb design_1_wrapper_drc_opted.pb -rpx design_1_wrapper_drc_opted.rpx
| Design       : design_1_wrapper
| Device       : xc7a100tftg256-2
| Speed File   : -2
| Design State : Synthesized
---------------------------------------------------------------------------------------------------------------------------------------

Report DRC

Table of Contents
-----------------
1. REPORT SUMMARY
2. REPORT DETAILS

1. REPORT SUMMARY
-----------------
            Netlist: netlist
          Floorplan: design_1
      Design limits: <entire design considered>
           Ruledeck: default
             Max violations: <unlimited>
             Violations found: 125
+-------------+----------+-------------------------------------------------------------------+------------+
| Rule        | Severity | Description                                                       | Violations |
+-------------+----------+-------------------------------------------------------------------+------------+
| CFGBVS-1    | Warning  | Missing CFGBVS and CONFIG_VOLTAGE Design Properties               | 1          |
| CHECK-3     | Warning  | Report rule limit reached                                         | 2          |
| DPIP-1      | Warning  | Input pipelining                                                  | 1          |
| DPOP-1      | Warning  | PREG Output pipelining                                            | 1          |
| DPOP-2      | Warning  | MREG Output pipelining                                            | 1          |
| PLHOLDVIO-2 | Warning  | Non-Optimal connections which could lead to hold violations       | 6          |
| REQP-1839   | Warning  | RAMB36 async control check                                        | 20         |
| REQP-1840   | Warning  | RAMB18 async control check                                        | 20         |
| AVAL-4      | Advisory | enum_USE_DPORT_FALSE_enum_DREG_ADREG_0_connects_CED_CEAD_RSTD_GND | 12         |
| AVAL-5      | Advisory | enum_USE_MULT_NONE_enum_DREG_ADREG_0_connects_CED_CEAD_RSTD_GND   | 12         |
| REQP-22     | Advisory | enum_AREG_1_connects_CEA1_GND                                     | 12         |
| REQP-26     | Advisory | enum_BREG_1_connects_CEB1_GND                                     | 12         |
| REQP-28     | Advisory | enum_USE_MULT_NONE_connects_CEM_GND                               | 12         |
| REQP-30     | Advisory | enum_MREG_0_connects_CEM_GND                                      | 12         |
| REQP-165    | Advisory | writefirst                                                        | 1          |
+-------------+----------+-------------------------------------------------------------------+------------+

2. REPORT DETAILS
-----------------
CFGBVS-1#1 Warning
Missing CFGBVS and CONFIG_VOLTAGE Design Properties  
Neither the CFGBVS nor CONFIG_VOLTAGE voltage property is set in the current_design.  Configuration bank voltage select (CFGBVS) must be set to VCCO or GND, and CONFIG_VOLTAGE must be set to the correct configuration voltage, in order to determine the I/O voltage support for the pins in bank 0.  It is suggested to specify these either using the 'Edit Device Properties' function in the GUI or directly in the XDC file using the following syntax:

 set_property CFGBVS value1 [current_design]
 #where value1 is either VCCO or GND

 set_property CONFIG_VOLTAGE value2 [current_design]
 #where value2 is the voltage provided to configuration bank 0

Refer to the device configuration user guide for more information.
Related violations: <none>

CHECK-3#1 Warning
Report rule limit reached  
REQP-1839 rule limit reached: 20 violations have been found.
Related violations: <none>

CHECK-3#2 Warning
Report rule limit reached  
REQP-1840 rule limit reached: 20 violations have been found.
Related violations: <none>

DPIP-1#1 Warning
Input pipelining  
DSP design_1_i/TDC_Calib/AXI4_TDC_Wrapper_0/U0/axi4_wrapper_inst/axi4_inst/s00_axi_rdata1 input design_1_i/TDC_Calib/AXI4_TDC_Wrapper_0/U0/axi4_wrapper_inst/axi4_inst/s00_axi_rdata1/A[29:0] is not pipelined. Pipelining DSP48 input will improve performance.
Related violations: <none>

DPOP-1#1 Warning
PREG Output pipelining  
DSP design_1_i/TDC_Calib/AXI4_TDC_Wrapper_0/U0/axi4_wrapper_inst/axi4_inst/s00_axi_rdata1 output design_1_i/TDC_Calib/AXI4_TDC_Wrapper_0/U0/axi4_wrapper_inst/axi4_inst/s00_axi_rdata1/P[47:0] is not pipelined (PREG=0). Pipelining the DSP48 output will improve performance and often saves power so it is suggested whenever possible to fully pipeline this function.  If this DSP48 function was inferred, it is suggested to describe an additional register stage after this function.  If the DSP48 was instantiated in the design, it is suggested to set the PREG attribute to 1.
Related violations: <none>

DPOP-2#1 Warning
MREG Output pipelining  
DSP design_1_i/TDC_Calib/AXI4_TDC_Wrapper_0/U0/axi4_wrapper_inst/axi4_inst/s00_axi_rdata1 multiplier stage design_1_i/TDC_Calib/AXI4_TDC_Wrapper_0/U0/axi4_wrapper_inst/axi4_inst/s00_axi_rdata1/P[47:0] is not pipelined (MREG=0). Pipelining the multiplier function will improve performance and will save significant power so it is suggested whenever possible to fully pipeline this function.  If this multiplier was inferred, it is suggested to describe an additional register stage after this function.  If there is no registered adder/accumulator following the multiply function, two pipeline stages are suggested to allow both the MREG and PREG registers to be used.  If the DSP48 was instantiated in the design, it is suggested to set both the MREG and PREG attributes to 1 when performing multiply functions.
Related violations: <none>

PLHOLDVIO-2#1 Warning
Non-Optimal connections which could lead to hold violations  
A LUT design_1_i/TDC_Calib/TDC/Ch1/InputLogic_1/U0/Inst_EdgeTrigger_IL/EdgeTriggerEventOut_INST_0 is driving clock pin of 2 cells. This could lead to large hold time violations. Involved cells are:
design_1_i/TDC_Calib/TDC/Ch1/InputLogic_1/U0/Inst_StretcherToT_IL/Inst_FDCE_fall
design_1_i/TDC_Calib/TDC/Ch1/InputLogic_1/U0/Inst_StretcherToT_IL/Inst_FDCE_rise
Related violations: <none>

PLHOLDVIO-2#2 Warning
Non-Optimal connections which could lead to hold violations  
A LUT design_1_i/TDC_Calib/TDC/Ch1/InputLogic_1/U0/Inst_StretcherToT_IL/StretchedEventOut_INST_0 is driving clock pin of 9 cells. This could lead to large hold time violations. Involved cells are:
design_1_i/TDC_Calib/TDC/Ch1/InputLogic_1/U0/Inst_Divider_IL/DividedEvent_reg,
design_1_i/TDC_Calib/TDC/Ch1/InputLogic_1/U0/Inst_Divider_IL/DividerCounter_uns_reg[0],
design_1_i/TDC_Calib/TDC/Ch1/InputLogic_1/U0/Inst_Divider_IL/DividerCounter_uns_reg[1],
design_1_i/TDC_Calib/TDC/Ch1/InputLogic_1/U0/Inst_Divider_IL/DividerCounter_uns_reg[2],
design_1_i/TDC_Calib/TDC/Ch1/InputLogic_1/U0/Inst_Divider_IL/DividerCounter_uns_reg[3],
design_1_i/TDC_Calib/TDC/Ch1/InputLogic_1/U0/Inst_Divider_IL/DividerReference_uns_reg[0],
design_1_i/TDC_Calib/TDC/Ch1/InputLogic_1/U0/Inst_Divider_IL/DividerReference_uns_reg[1],
design_1_i/TDC_Calib/TDC/Ch1/InputLogic_1/U0/Inst_Divider_IL/DividerReference_uns_reg[2]
design_1_i/TDC_Calib/TDC/Ch1/InputLogic_1/U0/Inst_Divider_IL/DividerReference_uns_reg[3]
Related violations: <none>

PLHOLDVIO-2#3 Warning
Non-Optimal connections which could lead to hold violations  
A LUT design_1_i/TDC_Calib/TDC/Ch2/InputLogic_2/U0/Inst_EdgeTrigger_IL/EdgeTriggerEventOut_INST_0 is driving clock pin of 2 cells. This could lead to large hold time violations. Involved cells are:
design_1_i/TDC_Calib/TDC/Ch2/InputLogic_2/U0/Inst_StretcherToT_IL/Inst_FDCE_fall
design_1_i/TDC_Calib/TDC/Ch2/InputLogic_2/U0/Inst_StretcherToT_IL/Inst_FDCE_rise
Related violations: <none>

PLHOLDVIO-2#4 Warning
Non-Optimal connections which could lead to hold violations  
A LUT design_1_i/TDC_Calib/TDC/Ch2/InputLogic_2/U0/Inst_StretcherToT_IL/StretchedEventOut_INST_0 is driving clock pin of 9 cells. This could lead to large hold time violations. Involved cells are:
design_1_i/TDC_Calib/TDC/Ch2/InputLogic_2/U0/Inst_Divider_IL/DividedEvent_reg,
design_1_i/TDC_Calib/TDC/Ch2/InputLogic_2/U0/Inst_Divider_IL/DividerCounter_uns_reg[0],
design_1_i/TDC_Calib/TDC/Ch2/InputLogic_2/U0/Inst_Divider_IL/DividerCounter_uns_reg[1],
design_1_i/TDC_Calib/TDC/Ch2/InputLogic_2/U0/Inst_Divider_IL/DividerCounter_uns_reg[2],
design_1_i/TDC_Calib/TDC/Ch2/InputLogic_2/U0/Inst_Divider_IL/DividerCounter_uns_reg[3],
design_1_i/TDC_Calib/TDC/Ch2/InputLogic_2/U0/Inst_Divider_IL/DividerReference_uns_reg[0],
design_1_i/TDC_Calib/TDC/Ch2/InputLogic_2/U0/Inst_Divider_IL/DividerReference_uns_reg[1],
design_1_i/TDC_Calib/TDC/Ch2/InputLogic_2/U0/Inst_Divider_IL/DividerReference_uns_reg[2]
design_1_i/TDC_Calib/TDC/Ch2/InputLogic_2/U0/Inst_Divider_IL/DividerReference_uns_reg[3]
Related violations: <none>

PLHOLDVIO-2#5 Warning
Non-Optimal connections which could lead to hold violations  
A LUT design_1_i/TDC_Calib/TDC/Sync/InputLogic_0/U0/Inst_EdgeTrigger_IL/EdgeTriggerEventOut_INST_0 is driving clock pin of 2 cells. This could lead to large hold time violations. Involved cells are:
design_1_i/TDC_Calib/TDC/Sync/InputLogic_0/U0/Inst_StretcherToT_IL/Inst_FDCE_fall
design_1_i/TDC_Calib/TDC/Sync/InputLogic_0/U0/Inst_StretcherToT_IL/Inst_FDCE_rise
Related violations: <none>

PLHOLDVIO-2#6 Warning
Non-Optimal connections which could lead to hold violations  
A LUT design_1_i/TDC_Calib/TDC/Sync/InputLogic_0/U0/Inst_StretcherToT_IL/StretchedEventOut_INST_0 is driving clock pin of 9 cells. This could lead to large hold time violations. Involved cells are:
design_1_i/TDC_Calib/TDC/Sync/InputLogic_0/U0/Inst_Divider_IL/DividedEvent_reg,
design_1_i/TDC_Calib/TDC/Sync/InputLogic_0/U0/Inst_Divider_IL/DividerCounter_uns_reg[0],
design_1_i/TDC_Calib/TDC/Sync/InputLogic_0/U0/Inst_Divider_IL/DividerCounter_uns_reg[1],
design_1_i/TDC_Calib/TDC/Sync/InputLogic_0/U0/Inst_Divider_IL/DividerCounter_uns_reg[2],
design_1_i/TDC_Calib/TDC/Sync/InputLogic_0/U0/Inst_Divider_IL/DividerCounter_uns_reg[3],
design_1_i/TDC_Calib/TDC/Sync/InputLogic_0/U0/Inst_Divider_IL/DividerReference_uns_reg[0],
design_1_i/TDC_Calib/TDC/Sync/InputLogic_0/U0/Inst_Divider_IL/DividerReference_uns_reg[1],
design_1_i/TDC_Calib/TDC/Sync/InputLogic_0/U0/Inst_Divider_IL/DividerReference_uns_reg[2]
design_1_i/TDC_Calib/TDC/Sync/InputLogic_0/U0/Inst_Divider_IL/DividerReference_uns_reg[3]
Related violations: <none>

REQP-1839#1 Warning
RAMB36 async control check  
The RAMB36E1 design_1_i/BeltBus_TDCHistogrammer_0/U0/histogrammer_cu_inst/integrator_inst_A/xpm_memory_sdpram_inst/xpm_memory_base_inst/gen_wr_a.gen_word_narrow.mem_reg_0 has an input control pin design_1_i/BeltBus_TDCHistogrammer_0/U0/histogrammer_cu_inst/integrator_inst_A/xpm_memory_sdpram_inst/xpm_memory_base_inst/gen_wr_a.gen_word_narrow.mem_reg_0/ADDRARDADDR[10] (net: design_1_i/BeltBus_TDCHistogrammer_0/U0/histogrammer_cu_inst/integrator_inst_A/xpm_memory_sdpram_inst/xpm_memory_base_inst/addra[8]) which is driven by a register (design_1_i/BeltBus_TDCHistogrammer_0/U0/histogrammer_cu_inst/integrator_inst_A/addr_counter_reg[8]) that has an active asychronous set or reset. This may cause corruption of the memory contents and/or read values when the set/reset is asserted and is not analyzed by the default static timing analysis. It is suggested to eliminate the use of a set/reset to registers driving this RAMB pin or else use a synchronous reset in which the assertion of the reset is timed by default.
Related violations: <none>

REQP-1839#2 Warning
RAMB36 async control check  
The RAMB36E1 design_1_i/BeltBus_TDCHistogrammer_0/U0/histogrammer_cu_inst/integrator_inst_A/xpm_memory_sdpram_inst/xpm_memory_base_inst/gen_wr_a.gen_word_narrow.mem_reg_0 has an input control pin design_1_i/BeltBus_TDCHistogrammer_0/U0/histogrammer_cu_inst/integrator_inst_A/xpm_memory_sdpram_inst/xpm_memory_base_inst/gen_wr_a.gen_word_narrow.mem_reg_0/ADDRARDADDR[10] (net: design_1_i/BeltBus_TDCHistogrammer_0/U0/histogrammer_cu_inst/integrator_inst_A/xpm_memory_sdpram_inst/xpm_memory_base_inst/addra[8]) which is driven by a register (design_1_i/BeltBus_TDCHistogrammer_0/U0/histogrammer_cu_inst/integrator_inst_A/state_reg[0]) that has an active asychronous set or reset. This may cause corruption of the memory contents and/or read values when the set/reset is asserted and is not analyzed by the default static timing analysis. It is suggested to eliminate the use of a set/reset to registers driving this RAMB pin or else use a synchronous reset in which the assertion of the reset is timed by default.
Related violations: <none>

REQP-1839#3 Warning
RAMB36 async control check  
The RAMB36E1 design_1_i/BeltBus_TDCHistogrammer_0/U0/histogrammer_cu_inst/integrator_inst_A/xpm_memory_sdpram_inst/xpm_memory_base_inst/gen_wr_a.gen_word_narrow.mem_reg_0 has an input control pin design_1_i/BeltBus_TDCHistogrammer_0/U0/histogrammer_cu_inst/integrator_inst_A/xpm_memory_sdpram_inst/xpm_memory_base_inst/gen_wr_a.gen_word_narrow.mem_reg_0/ADDRARDADDR[10] (net: design_1_i/BeltBus_TDCHistogrammer_0/U0/histogrammer_cu_inst/integrator_inst_A/xpm_memory_sdpram_inst/xpm_memory_base_inst/addra[8]) which is driven by a register (design_1_i/BeltBus_TDCHistogrammer_0/U0/histogrammer_cu_inst/integrator_inst_A/state_reg[1]) that has an active asychronous set or reset. This may cause corruption of the memory contents and/or read values when the set/reset is asserted and is not analyzed by the default static timing analysis. It is suggested to eliminate the use of a set/reset to registers driving this RAMB pin or else use a synchronous reset in which the assertion of the reset is timed by default.
Related violations: <none>

REQP-1839#4 Warning
RAMB36 async control check  
The RAMB36E1 design_1_i/BeltBus_TDCHistogrammer_0/U0/histogrammer_cu_inst/integrator_inst_A/xpm_memory_sdpram_inst/xpm_memory_base_inst/gen_wr_a.gen_word_narrow.mem_reg_0 has an input control pin design_1_i/BeltBus_TDCHistogrammer_0/U0/histogrammer_cu_inst/integrator_inst_A/xpm_memory_sdpram_inst/xpm_memory_base_inst/gen_wr_a.gen_word_narrow.mem_reg_0/ADDRARDADDR[11] (net: design_1_i/BeltBus_TDCHistogrammer_0/U0/histogrammer_cu_inst/integrator_inst_A/xpm_memory_sdpram_inst/xpm_memory_base_inst/addra[9]) which is driven by a register (design_1_i/BeltBus_TDCHistogrammer_0/U0/histogrammer_cu_inst/integrator_inst_A/addr_counter_reg[9]) that has an active asychronous set or reset. This may cause corruption of the memory contents and/or read values when the set/reset is asserted and is not analyzed by the default static timing analysis. It is suggested to eliminate the use of a set/reset to registers driving this RAMB pin or else use a synchronous reset in which the assertion of the reset is timed by default.
Related violations: <none>

REQP-1839#5 Warning
RAMB36 async control check  
The RAMB36E1 design_1_i/BeltBus_TDCHistogrammer_0/U0/histogrammer_cu_inst/integrator_inst_A/xpm_memory_sdpram_inst/xpm_memory_base_inst/gen_wr_a.gen_word_narrow.mem_reg_0 has an input control pin design_1_i/BeltBus_TDCHistogrammer_0/U0/histogrammer_cu_inst/integrator_inst_A/xpm_memory_sdpram_inst/xpm_memory_base_inst/gen_wr_a.gen_word_narrow.mem_reg_0/ADDRARDADDR[11] (net: design_1_i/BeltBus_TDCHistogrammer_0/U0/histogrammer_cu_inst/integrator_inst_A/xpm_memory_sdpram_inst/xpm_memory_base_inst/addra[9]) which is driven by a register (design_1_i/BeltBus_TDCHistogrammer_0/U0/histogrammer_cu_inst/integrator_inst_A/state_reg[0]) that has an active asychronous set or reset. This may cause corruption of the memory contents and/or read values when the set/reset is asserted and is not analyzed by the default static timing analysis. It is suggested to eliminate the use of a set/reset to registers driving this RAMB pin or else use a synchronous reset in which the assertion of the reset is timed by default.
Related violations: <none>

REQP-1839#6 Warning
RAMB36 async control check  
The RAMB36E1 design_1_i/BeltBus_TDCHistogrammer_0/U0/histogrammer_cu_inst/integrator_inst_A/xpm_memory_sdpram_inst/xpm_memory_base_inst/gen_wr_a.gen_word_narrow.mem_reg_0 has an input control pin design_1_i/BeltBus_TDCHistogrammer_0/U0/histogrammer_cu_inst/integrator_inst_A/xpm_memory_sdpram_inst/xpm_memory_base_inst/gen_wr_a.gen_word_narrow.mem_reg_0/ADDRARDADDR[11] (net: design_1_i/BeltBus_TDCHistogrammer_0/U0/histogrammer_cu_inst/integrator_inst_A/xpm_memory_sdpram_inst/xpm_memory_base_inst/addra[9]) which is driven by a register (design_1_i/BeltBus_TDCHistogrammer_0/U0/histogrammer_cu_inst/integrator_inst_A/state_reg[1]) that has an active asychronous set or reset. This may cause corruption of the memory contents and/or read values when the set/reset is asserted and is not analyzed by the default static timing analysis. It is suggested to eliminate the use of a set/reset to registers driving this RAMB pin or else use a synchronous reset in which the assertion of the reset is timed by default.
Related violations: <none>

REQP-1839#7 Warning
RAMB36 async control check  
The RAMB36E1 design_1_i/BeltBus_TDCHistogrammer_0/U0/histogrammer_cu_inst/integrator_inst_A/xpm_memory_sdpram_inst/xpm_memory_base_inst/gen_wr_a.gen_word_narrow.mem_reg_0 has an input control pin design_1_i/BeltBus_TDCHistogrammer_0/U0/histogrammer_cu_inst/integrator_inst_A/xpm_memory_sdpram_inst/xpm_memory_base_inst/gen_wr_a.gen_word_narrow.mem_reg_0/ADDRARDADDR[12] (net: design_1_i/BeltBus_TDCHistogrammer_0/U0/histogrammer_cu_inst/integrator_inst_A/xpm_memory_sdpram_inst/xpm_memory_base_inst/addra[10]) which is driven by a register (design_1_i/BeltBus_TDCHistogrammer_0/U0/histogrammer_cu_inst/integrator_inst_A/addr_counter_reg[10]) that has an active asychronous set or reset. This may cause corruption of the memory contents and/or read values when the set/reset is asserted and is not analyzed by the default static timing analysis. It is suggested to eliminate the use of a set/reset to registers driving this RAMB pin or else use a synchronous reset in which the assertion of the reset is timed by default.
Related violations: <none>

REQP-1839#8 Warning
RAMB36 async control check  
The RAMB36E1 design_1_i/BeltBus_TDCHistogrammer_0/U0/histogrammer_cu_inst/integrator_inst_A/xpm_memory_sdpram_inst/xpm_memory_base_inst/gen_wr_a.gen_word_narrow.mem_reg_0 has an input control pin design_1_i/BeltBus_TDCHistogrammer_0/U0/histogrammer_cu_inst/integrator_inst_A/xpm_memory_sdpram_inst/xpm_memory_base_inst/gen_wr_a.gen_word_narrow.mem_reg_0/ADDRARDADDR[12] (net: design_1_i/BeltBus_TDCHistogrammer_0/U0/histogrammer_cu_inst/integrator_inst_A/xpm_memory_sdpram_inst/xpm_memory_base_inst/addra[10]) which is driven by a register (design_1_i/BeltBus_TDCHistogrammer_0/U0/histogrammer_cu_inst/integrator_inst_A/state_reg[0]) that has an active asychronous set or reset. This may cause corruption of the memory contents and/or read values when the set/reset is asserted and is not analyzed by the default static timing analysis. It is suggested to eliminate the use of a set/reset to registers driving this RAMB pin or else use a synchronous reset in which the assertion of the reset is timed by default.
Related violations: <none>

REQP-1839#9 Warning
RAMB36 async control check  
The RAMB36E1 design_1_i/BeltBus_TDCHistogrammer_0/U0/histogrammer_cu_inst/integrator_inst_A/xpm_memory_sdpram_inst/xpm_memory_base_inst/gen_wr_a.gen_word_narrow.mem_reg_0 has an input control pin design_1_i/BeltBus_TDCHistogrammer_0/U0/histogrammer_cu_inst/integrator_inst_A/xpm_memory_sdpram_inst/xpm_memory_base_inst/gen_wr_a.gen_word_narrow.mem_reg_0/ADDRARDADDR[12] (net: design_1_i/BeltBus_TDCHistogrammer_0/U0/histogrammer_cu_inst/integrator_inst_A/xpm_memory_sdpram_inst/xpm_memory_base_inst/addra[10]) which is driven by a register (design_1_i/BeltBus_TDCHistogrammer_0/U0/histogrammer_cu_inst/integrator_inst_A/state_reg[1]) that has an active asychronous set or reset. This may cause corruption of the memory contents and/or read values when the set/reset is asserted and is not analyzed by the default static timing analysis. It is suggested to eliminate the use of a set/reset to registers driving this RAMB pin or else use a synchronous reset in which the assertion of the reset is timed by default.
Related violations: <none>

REQP-1839#10 Warning
RAMB36 async control check  
The RAMB36E1 design_1_i/BeltBus_TDCHistogrammer_0/U0/histogrammer_cu_inst/integrator_inst_A/xpm_memory_sdpram_inst/xpm_memory_base_inst/gen_wr_a.gen_word_narrow.mem_reg_0 has an input control pin design_1_i/BeltBus_TDCHistogrammer_0/U0/histogrammer_cu_inst/integrator_inst_A/xpm_memory_sdpram_inst/xpm_memory_base_inst/gen_wr_a.gen_word_narrow.mem_reg_0/ADDRARDADDR[13] (net: design_1_i/BeltBus_TDCHistogrammer_0/U0/histogrammer_cu_inst/integrator_inst_A/xpm_memory_sdpram_inst/xpm_memory_base_inst/addra[11]) which is driven by a register (design_1_i/BeltBus_TDCHistogrammer_0/U0/histogrammer_cu_inst/integrator_inst_A/addr_counter_reg[11]) that has an active asychronous set or reset. This may cause corruption of the memory contents and/or read values when the set/reset is asserted and is not analyzed by the default static timing analysis. It is suggested to eliminate the use of a set/reset to registers driving this RAMB pin or else use a synchronous reset in which the assertion of the reset is timed by default.
Related violations: <none>

REQP-1839#11 Warning
RAMB36 async control check  
The RAMB36E1 design_1_i/BeltBus_TDCHistogrammer_0/U0/histogrammer_cu_inst/integrator_inst_A/xpm_memory_sdpram_inst/xpm_memory_base_inst/gen_wr_a.gen_word_narrow.mem_reg_0 has an input control pin design_1_i/BeltBus_TDCHistogrammer_0/U0/histogrammer_cu_inst/integrator_inst_A/xpm_memory_sdpram_inst/xpm_memory_base_inst/gen_wr_a.gen_word_narrow.mem_reg_0/ADDRARDADDR[13] (net: design_1_i/BeltBus_TDCHistogrammer_0/U0/histogrammer_cu_inst/integrator_inst_A/xpm_memory_sdpram_inst/xpm_memory_base_inst/addra[11]) which is driven by a register (design_1_i/BeltBus_TDCHistogrammer_0/U0/histogrammer_cu_inst/integrator_inst_A/state_reg[0]) that has an active asychronous set or reset. This may cause corruption of the memory contents and/or read values when the set/reset is asserted and is not analyzed by the default static timing analysis. It is suggested to eliminate the use of a set/reset to registers driving this RAMB pin or else use a synchronous reset in which the assertion of the reset is timed by default.
Related violations: <none>

REQP-1839#12 Warning
RAMB36 async control check  
The RAMB36E1 design_1_i/BeltBus_TDCHistogrammer_0/U0/histogrammer_cu_inst/integrator_inst_A/xpm_memory_sdpram_inst/xpm_memory_base_inst/gen_wr_a.gen_word_narrow.mem_reg_0 has an input control pin design_1_i/BeltBus_TDCHistogrammer_0/U0/histogrammer_cu_inst/integrator_inst_A/xpm_memory_sdpram_inst/xpm_memory_base_inst/gen_wr_a.gen_word_narrow.mem_reg_0/ADDRARDADDR[13] (net: design_1_i/BeltBus_TDCHistogrammer_0/U0/histogrammer_cu_inst/integrator_inst_A/xpm_memory_sdpram_inst/xpm_memory_base_inst/addra[11]) which is driven by a register (design_1_i/BeltBus_TDCHistogrammer_0/U0/histogrammer_cu_inst/integrator_inst_A/state_reg[1]) that has an active asychronous set or reset. This may cause corruption of the memory contents and/or read values when the set/reset is asserted and is not analyzed by the default static timing analysis. It is suggested to eliminate the use of a set/reset to registers driving this RAMB pin or else use a synchronous reset in which the assertion of the reset is timed by default.
Related violations: <none>

REQP-1839#13 Warning
RAMB36 async control check  
The RAMB36E1 design_1_i/BeltBus_TDCHistogrammer_0/U0/histogrammer_cu_inst/integrator_inst_A/xpm_memory_sdpram_inst/xpm_memory_base_inst/gen_wr_a.gen_word_narrow.mem_reg_0 has an input control pin design_1_i/BeltBus_TDCHistogrammer_0/U0/histogrammer_cu_inst/integrator_inst_A/xpm_memory_sdpram_inst/xpm_memory_base_inst/gen_wr_a.gen_word_narrow.mem_reg_0/ADDRARDADDR[14] (net: design_1_i/BeltBus_TDCHistogrammer_0/U0/histogrammer_cu_inst/integrator_inst_A/xpm_memory_sdpram_inst/xpm_memory_base_inst/addra[12]) which is driven by a register (design_1_i/BeltBus_TDCHistogrammer_0/U0/histogrammer_cu_inst/integrator_inst_A/addr_counter_reg[12]) that has an active asychronous set or reset. This may cause corruption of the memory contents and/or read values when the set/reset is asserted and is not analyzed by the default static timing analysis. It is suggested to eliminate the use of a set/reset to registers driving this RAMB pin or else use a synchronous reset in which the assertion of the reset is timed by default.
Related violations: <none>

REQP-1839#14 Warning
RAMB36 async control check  
The RAMB36E1 design_1_i/BeltBus_TDCHistogrammer_0/U0/histogrammer_cu_inst/integrator_inst_A/xpm_memory_sdpram_inst/xpm_memory_base_inst/gen_wr_a.gen_word_narrow.mem_reg_0 has an input control pin design_1_i/BeltBus_TDCHistogrammer_0/U0/histogrammer_cu_inst/integrator_inst_A/xpm_memory_sdpram_inst/xpm_memory_base_inst/gen_wr_a.gen_word_narrow.mem_reg_0/ADDRARDADDR[14] (net: design_1_i/BeltBus_TDCHistogrammer_0/U0/histogrammer_cu_inst/integrator_inst_A/xpm_memory_sdpram_inst/xpm_memory_base_inst/addra[12]) which is driven by a register (design_1_i/BeltBus_TDCHistogrammer_0/U0/histogrammer_cu_inst/integrator_inst_A/state_reg[0]) that has an active asychronous set or reset. This may cause corruption of the memory contents and/or read values when the set/reset is asserted and is not analyzed by the default static timing analysis. It is suggested to eliminate the use of a set/reset to registers driving this RAMB pin or else use a synchronous reset in which the assertion of the reset is timed by default.
Related violations: <none>

REQP-1839#15 Warning
RAMB36 async control check  
The RAMB36E1 design_1_i/BeltBus_TDCHistogrammer_0/U0/histogrammer_cu_inst/integrator_inst_A/xpm_memory_sdpram_inst/xpm_memory_base_inst/gen_wr_a.gen_word_narrow.mem_reg_0 has an input control pin design_1_i/BeltBus_TDCHistogrammer_0/U0/histogrammer_cu_inst/integrator_inst_A/xpm_memory_sdpram_inst/xpm_memory_base_inst/gen_wr_a.gen_word_narrow.mem_reg_0/ADDRARDADDR[14] (net: design_1_i/BeltBus_TDCHistogrammer_0/U0/histogrammer_cu_inst/integrator_inst_A/xpm_memory_sdpram_inst/xpm_memory_base_inst/addra[12]) which is driven by a register (design_1_i/BeltBus_TDCHistogrammer_0/U0/histogrammer_cu_inst/integrator_inst_A/state_reg[1]) that has an active asychronous set or reset. This may cause corruption of the memory contents and/or read values when the set/reset is asserted and is not analyzed by the default static timing analysis. It is suggested to eliminate the use of a set/reset to registers driving this RAMB pin or else use a synchronous reset in which the assertion of the reset is timed by default.
Related violations: <none>

REQP-1839#16 Warning
RAMB36 async control check  
The RAMB36E1 design_1_i/BeltBus_TDCHistogrammer_0/U0/histogrammer_cu_inst/integrator_inst_A/xpm_memory_sdpram_inst/xpm_memory_base_inst/gen_wr_a.gen_word_narrow.mem_reg_0 has an input control pin design_1_i/BeltBus_TDCHistogrammer_0/U0/histogrammer_cu_inst/integrator_inst_A/xpm_memory_sdpram_inst/xpm_memory_base_inst/gen_wr_a.gen_word_narrow.mem_reg_0/ADDRARDADDR[8] (net: design_1_i/BeltBus_TDCHistogrammer_0/U0/histogrammer_cu_inst/integrator_inst_A/xpm_memory_sdpram_inst/xpm_memory_base_inst/addra[6]) which is driven by a register (design_1_i/BeltBus_TDCHistogrammer_0/U0/histogrammer_cu_inst/integrator_inst_A/addr_counter_reg[6]) that has an active asychronous set or reset. This may cause corruption of the memory contents and/or read values when the set/reset is asserted and is not analyzed by the default static timing analysis. It is suggested to eliminate the use of a set/reset to registers driving this RAMB pin or else use a synchronous reset in which the assertion of the reset is timed by default.
Related violations: <none>

REQP-1839#17 Warning
RAMB36 async control check  
The RAMB36E1 design_1_i/BeltBus_TDCHistogrammer_0/U0/histogrammer_cu_inst/integrator_inst_A/xpm_memory_sdpram_inst/xpm_memory_base_inst/gen_wr_a.gen_word_narrow.mem_reg_0 has an input control pin design_1_i/BeltBus_TDCHistogrammer_0/U0/histogrammer_cu_inst/integrator_inst_A/xpm_memory_sdpram_inst/xpm_memory_base_inst/gen_wr_a.gen_word_narrow.mem_reg_0/ADDRARDADDR[8] (net: design_1_i/BeltBus_TDCHistogrammer_0/U0/histogrammer_cu_inst/integrator_inst_A/xpm_memory_sdpram_inst/xpm_memory_base_inst/addra[6]) which is driven by a register (design_1_i/BeltBus_TDCHistogrammer_0/U0/histogrammer_cu_inst/integrator_inst_A/state_reg[1]) that has an active asychronous set or reset. This may cause corruption of the memory contents and/or read values when the set/reset is asserted and is not analyzed by the default static timing analysis. It is suggested to eliminate the use of a set/reset to registers driving this RAMB pin or else use a synchronous reset in which the assertion of the reset is timed by default.
Related violations: <none>

REQP-1839#18 Warning
RAMB36 async control check  
The RAMB36E1 design_1_i/BeltBus_TDCHistogrammer_0/U0/histogrammer_cu_inst/integrator_inst_A/xpm_memory_sdpram_inst/xpm_memory_base_inst/gen_wr_a.gen_word_narrow.mem_reg_0 has an input control pin design_1_i/BeltBus_TDCHistogrammer_0/U0/histogrammer_cu_inst/integrator_inst_A/xpm_memory_sdpram_inst/xpm_memory_base_inst/gen_wr_a.gen_word_narrow.mem_reg_0/ADDRARDADDR[9] (net: design_1_i/BeltBus_TDCHistogrammer_0/U0/histogrammer_cu_inst/integrator_inst_A/xpm_memory_sdpram_inst/xpm_memory_base_inst/addra[7]) which is driven by a register (design_1_i/BeltBus_TDCHistogrammer_0/U0/histogrammer_cu_inst/integrator_inst_A/addr_counter_reg[7]) that has an active asychronous set or reset. This may cause corruption of the memory contents and/or read values when the set/reset is asserted and is not analyzed by the default static timing analysis. It is suggested to eliminate the use of a set/reset to registers driving this RAMB pin or else use a synchronous reset in which the assertion of the reset is timed by default.
Related violations: <none>

REQP-1839#19 Warning
RAMB36 async control check  
The RAMB36E1 design_1_i/BeltBus_TDCHistogrammer_0/U0/histogrammer_cu_inst/integrator_inst_A/xpm_memory_sdpram_inst/xpm_memory_base_inst/gen_wr_a.gen_word_narrow.mem_reg_0 has an input control pin design_1_i/BeltBus_TDCHistogrammer_0/U0/histogrammer_cu_inst/integrator_inst_A/xpm_memory_sdpram_inst/xpm_memory_base_inst/gen_wr_a.gen_word_narrow.mem_reg_0/ADDRARDADDR[9] (net: design_1_i/BeltBus_TDCHistogrammer_0/U0/histogrammer_cu_inst/integrator_inst_A/xpm_memory_sdpram_inst/xpm_memory_base_inst/addra[7]) which is driven by a register (design_1_i/BeltBus_TDCHistogrammer_0/U0/histogrammer_cu_inst/integrator_inst_A/state_reg[0]) that has an active asychronous set or reset. This may cause corruption of the memory contents and/or read values when the set/reset is asserted and is not analyzed by the default static timing analysis. It is suggested to eliminate the use of a set/reset to registers driving this RAMB pin or else use a synchronous reset in which the assertion of the reset is timed by default.
Related violations: <none>

REQP-1839#20 Warning
RAMB36 async control check  
The RAMB36E1 design_1_i/BeltBus_TDCHistogrammer_0/U0/histogrammer_cu_inst/integrator_inst_A/xpm_memory_sdpram_inst/xpm_memory_base_inst/gen_wr_a.gen_word_narrow.mem_reg_0 has an input control pin design_1_i/BeltBus_TDCHistogrammer_0/U0/histogrammer_cu_inst/integrator_inst_A/xpm_memory_sdpram_inst/xpm_memory_base_inst/gen_wr_a.gen_word_narrow.mem_reg_0/ADDRARDADDR[9] (net: design_1_i/BeltBus_TDCHistogrammer_0/U0/histogrammer_cu_inst/integrator_inst_A/xpm_memory_sdpram_inst/xpm_memory_base_inst/addra[7]) which is driven by a register (design_1_i/BeltBus_TDCHistogrammer_0/U0/histogrammer_cu_inst/integrator_inst_A/state_reg[1]) that has an active asychronous set or reset. This may cause corruption of the memory contents and/or read values when the set/reset is asserted and is not analyzed by the default static timing analysis. It is suggested to eliminate the use of a set/reset to registers driving this RAMB pin or else use a synchronous reset in which the assertion of the reset is timed by default.
Related violations: <none>

REQP-1840#1 Warning
RAMB18 async control check  
The RAMB18E1 design_1_i/MME_0/U0/AXI4Stream_Packetizer_0/U0/multicobs_encoder_inst/COBS_ENCODERS[0].COBS_ENCODER_I_OUTPUT_FIFO/xpm_fifo_base_inst/gen_sdpram.xpm_memory_base_inst/gen_wr_a.gen_word_narrow.mem_reg has an input control pin design_1_i/MME_0/U0/AXI4Stream_Packetizer_0/U0/multicobs_encoder_inst/COBS_ENCODERS[0].COBS_ENCODER_I_OUTPUT_FIFO/xpm_fifo_base_inst/gen_sdpram.xpm_memory_base_inst/gen_wr_a.gen_word_narrow.mem_reg/ENARDEN (net: design_1_i/MME_0/U0/AXI4Stream_Packetizer_0/U0/multicobs_encoder_inst/COBS_ENCODERS[0].COBS_ENCODER_I_OUTPUT_FIFO/xpm_fifo_base_inst/gen_sdpram.xpm_memory_base_inst/wea[0]) which is driven by a register (design_1_i/MME_0/U0/AXI4Stream_Packetizer_0/U0/multicobs_encoder_inst/COBS_ENCODERS[0].COBS_ENCODER_I/stream_history_fifo/full_int_reg) that has an active asychronous set or reset. This may cause corruption of the memory contents and/or read values when the set/reset is asserted and is not analyzed by the default static timing analysis. It is suggested to eliminate the use of a set/reset to registers driving this RAMB pin or else use a synchronous reset in which the assertion of the reset is timed by default.
Related violations: <none>

REQP-1840#2 Warning
RAMB18 async control check  
The RAMB18E1 design_1_i/MME_0/U0/AXI4Stream_Packetizer_0/U0/multicobs_encoder_inst/COBS_ENCODERS[0].COBS_ENCODER_I_OUTPUT_FIFO/xpm_fifo_base_inst/gen_sdpram.xpm_memory_base_inst/gen_wr_a.gen_word_narrow.mem_reg has an input control pin design_1_i/MME_0/U0/AXI4Stream_Packetizer_0/U0/multicobs_encoder_inst/COBS_ENCODERS[0].COBS_ENCODER_I_OUTPUT_FIFO/xpm_fifo_base_inst/gen_sdpram.xpm_memory_base_inst/gen_wr_a.gen_word_narrow.mem_reg/ENARDEN (net: design_1_i/MME_0/U0/AXI4Stream_Packetizer_0/U0/multicobs_encoder_inst/COBS_ENCODERS[0].COBS_ENCODER_I_OUTPUT_FIFO/xpm_fifo_base_inst/gen_sdpram.xpm_memory_base_inst/wea[0]) which is driven by a register (design_1_i/MME_0/U0/AXI4Stream_Packetizer_0/U0/multicobs_encoder_inst/COBS_ENCODERS[0].COBS_ENCODER_I/stream_history_fifo/read_index_reg[0]) that has an active asychronous set or reset. This may cause corruption of the memory contents and/or read values when the set/reset is asserted and is not analyzed by the default static timing analysis. It is suggested to eliminate the use of a set/reset to registers driving this RAMB pin or else use a synchronous reset in which the assertion of the reset is timed by default.
Related violations: <none>

REQP-1840#3 Warning
RAMB18 async control check  
The RAMB18E1 design_1_i/MME_0/U0/AXI4Stream_Packetizer_0/U0/multicobs_encoder_inst/COBS_ENCODERS[0].COBS_ENCODER_I_OUTPUT_FIFO/xpm_fifo_base_inst/gen_sdpram.xpm_memory_base_inst/gen_wr_a.gen_word_narrow.mem_reg has an input control pin design_1_i/MME_0/U0/AXI4Stream_Packetizer_0/U0/multicobs_encoder_inst/COBS_ENCODERS[0].COBS_ENCODER_I_OUTPUT_FIFO/xpm_fifo_base_inst/gen_sdpram.xpm_memory_base_inst/gen_wr_a.gen_word_narrow.mem_reg/ENARDEN (net: design_1_i/MME_0/U0/AXI4Stream_Packetizer_0/U0/multicobs_encoder_inst/COBS_ENCODERS[0].COBS_ENCODER_I_OUTPUT_FIFO/xpm_fifo_base_inst/gen_sdpram.xpm_memory_base_inst/wea[0]) which is driven by a register (design_1_i/MME_0/U0/AXI4Stream_Packetizer_0/U0/multicobs_encoder_inst/COBS_ENCODERS[0].COBS_ENCODER_I/stream_history_fifo/read_index_reg[1]) that has an active asychronous set or reset. This may cause corruption of the memory contents and/or read values when the set/reset is asserted and is not analyzed by the default static timing analysis. It is suggested to eliminate the use of a set/reset to registers driving this RAMB pin or else use a synchronous reset in which the assertion of the reset is timed by default.
Related violations: <none>

REQP-1840#4 Warning
RAMB18 async control check  
The RAMB18E1 design_1_i/MME_0/U0/AXI4Stream_Packetizer_0/U0/multicobs_encoder_inst/COBS_ENCODERS[0].COBS_ENCODER_I_OUTPUT_FIFO/xpm_fifo_base_inst/gen_sdpram.xpm_memory_base_inst/gen_wr_a.gen_word_narrow.mem_reg has an input control pin design_1_i/MME_0/U0/AXI4Stream_Packetizer_0/U0/multicobs_encoder_inst/COBS_ENCODERS[0].COBS_ENCODER_I_OUTPUT_FIFO/xpm_fifo_base_inst/gen_sdpram.xpm_memory_base_inst/gen_wr_a.gen_word_narrow.mem_reg/ENARDEN (net: design_1_i/MME_0/U0/AXI4Stream_Packetizer_0/U0/multicobs_encoder_inst/COBS_ENCODERS[0].COBS_ENCODER_I_OUTPUT_FIFO/xpm_fifo_base_inst/gen_sdpram.xpm_memory_base_inst/wea[0]) which is driven by a register (design_1_i/MME_0/U0/AXI4Stream_Packetizer_0/U0/multicobs_encoder_inst/COBS_ENCODERS[0].COBS_ENCODER_I/stream_history_fifo/read_index_reg[2]) that has an active asychronous set or reset. This may cause corruption of the memory contents and/or read values when the set/reset is asserted and is not analyzed by the default static timing analysis. It is suggested to eliminate the use of a set/reset to registers driving this RAMB pin or else use a synchronous reset in which the assertion of the reset is timed by default.
Related violations: <none>

REQP-1840#5 Warning
RAMB18 async control check  
The RAMB18E1 design_1_i/MME_0/U0/AXI4Stream_Packetizer_0/U0/multicobs_encoder_inst/COBS_ENCODERS[0].COBS_ENCODER_I_OUTPUT_FIFO/xpm_fifo_base_inst/gen_sdpram.xpm_memory_base_inst/gen_wr_a.gen_word_narrow.mem_reg has an input control pin design_1_i/MME_0/U0/AXI4Stream_Packetizer_0/U0/multicobs_encoder_inst/COBS_ENCODERS[0].COBS_ENCODER_I_OUTPUT_FIFO/xpm_fifo_base_inst/gen_sdpram.xpm_memory_base_inst/gen_wr_a.gen_word_narrow.mem_reg/ENARDEN (net: design_1_i/MME_0/U0/AXI4Stream_Packetizer_0/U0/multicobs_encoder_inst/COBS_ENCODERS[0].COBS_ENCODER_I_OUTPUT_FIFO/xpm_fifo_base_inst/gen_sdpram.xpm_memory_base_inst/wea[0]) which is driven by a register (design_1_i/MME_0/U0/AXI4Stream_Packetizer_0/U0/multicobs_encoder_inst/COBS_ENCODERS[0].COBS_ENCODER_I/stream_history_fifo/read_index_reg[3]) that has an active asychronous set or reset. This may cause corruption of the memory contents and/or read values when the set/reset is asserted and is not analyzed by the default static timing analysis. It is suggested to eliminate the use of a set/reset to registers driving this RAMB pin or else use a synchronous reset in which the assertion of the reset is timed by default.
Related violations: <none>

REQP-1840#6 Warning
RAMB18 async control check  
The RAMB18E1 design_1_i/MME_0/U0/AXI4Stream_Packetizer_0/U0/multicobs_encoder_inst/COBS_ENCODERS[0].COBS_ENCODER_I_OUTPUT_FIFO/xpm_fifo_base_inst/gen_sdpram.xpm_memory_base_inst/gen_wr_a.gen_word_narrow.mem_reg has an input control pin design_1_i/MME_0/U0/AXI4Stream_Packetizer_0/U0/multicobs_encoder_inst/COBS_ENCODERS[0].COBS_ENCODER_I_OUTPUT_FIFO/xpm_fifo_base_inst/gen_sdpram.xpm_memory_base_inst/gen_wr_a.gen_word_narrow.mem_reg/ENARDEN (net: design_1_i/MME_0/U0/AXI4Stream_Packetizer_0/U0/multicobs_encoder_inst/COBS_ENCODERS[0].COBS_ENCODER_I_OUTPUT_FIFO/xpm_fifo_base_inst/gen_sdpram.xpm_memory_base_inst/wea[0]) which is driven by a register (design_1_i/MME_0/U0/AXI4Stream_Packetizer_0/U0/multicobs_encoder_inst/COBS_ENCODERS[0].COBS_ENCODER_I/stream_history_fifo/read_index_reg[4]) that has an active asychronous set or reset. This may cause corruption of the memory contents and/or read values when the set/reset is asserted and is not analyzed by the default static timing analysis. It is suggested to eliminate the use of a set/reset to registers driving this RAMB pin or else use a synchronous reset in which the assertion of the reset is timed by default.
Related violations: <none>

REQP-1840#7 Warning
RAMB18 async control check  
The RAMB18E1 design_1_i/MME_0/U0/AXI4Stream_Packetizer_0/U0/multicobs_encoder_inst/COBS_ENCODERS[0].COBS_ENCODER_I_OUTPUT_FIFO/xpm_fifo_base_inst/gen_sdpram.xpm_memory_base_inst/gen_wr_a.gen_word_narrow.mem_reg has an input control pin design_1_i/MME_0/U0/AXI4Stream_Packetizer_0/U0/multicobs_encoder_inst/COBS_ENCODERS[0].COBS_ENCODER_I_OUTPUT_FIFO/xpm_fifo_base_inst/gen_sdpram.xpm_memory_base_inst/gen_wr_a.gen_word_narrow.mem_reg/ENARDEN (net: design_1_i/MME_0/U0/AXI4Stream_Packetizer_0/U0/multicobs_encoder_inst/COBS_ENCODERS[0].COBS_ENCODER_I_OUTPUT_FIFO/xpm_fifo_base_inst/gen_sdpram.xpm_memory_base_inst/wea[0]) which is driven by a register (design_1_i/MME_0/U0/AXI4Stream_Packetizer_0/U0/multicobs_encoder_inst/COBS_ENCODERS[0].COBS_ENCODER_I/stream_history_fifo/read_index_reg[5]) that has an active asychronous set or reset. This may cause corruption of the memory contents and/or read values when the set/reset is asserted and is not analyzed by the default static timing analysis. It is suggested to eliminate the use of a set/reset to registers driving this RAMB pin or else use a synchronous reset in which the assertion of the reset is timed by default.
Related violations: <none>

REQP-1840#8 Warning
RAMB18 async control check  
The RAMB18E1 design_1_i/MME_0/U0/AXI4Stream_Packetizer_0/U0/multicobs_encoder_inst/COBS_ENCODERS[0].COBS_ENCODER_I_OUTPUT_FIFO/xpm_fifo_base_inst/gen_sdpram.xpm_memory_base_inst/gen_wr_a.gen_word_narrow.mem_reg has an input control pin design_1_i/MME_0/U0/AXI4Stream_Packetizer_0/U0/multicobs_encoder_inst/COBS_ENCODERS[0].COBS_ENCODER_I_OUTPUT_FIFO/xpm_fifo_base_inst/gen_sdpram.xpm_memory_base_inst/gen_wr_a.gen_word_narrow.mem_reg/ENARDEN (net: design_1_i/MME_0/U0/AXI4Stream_Packetizer_0/U0/multicobs_encoder_inst/COBS_ENCODERS[0].COBS_ENCODER_I_OUTPUT_FIFO/xpm_fifo_base_inst/gen_sdpram.xpm_memory_base_inst/wea[0]) which is driven by a register (design_1_i/MME_0/U0/AXI4Stream_Packetizer_0/U0/multicobs_encoder_inst/COBS_ENCODERS[0].COBS_ENCODER_I/stream_history_fifo/read_index_reg[6]) that has an active asychronous set or reset. This may cause corruption of the memory contents and/or read values when the set/reset is asserted and is not analyzed by the default static timing analysis. It is suggested to eliminate the use of a set/reset to registers driving this RAMB pin or else use a synchronous reset in which the assertion of the reset is timed by default.
Related violations: <none>

REQP-1840#9 Warning
RAMB18 async control check  
The RAMB18E1 design_1_i/MME_0/U0/AXI4Stream_Packetizer_0/U0/multicobs_encoder_inst/COBS_ENCODERS[0].COBS_ENCODER_I_OUTPUT_FIFO/xpm_fifo_base_inst/gen_sdpram.xpm_memory_base_inst/gen_wr_a.gen_word_narrow.mem_reg has an input control pin design_1_i/MME_0/U0/AXI4Stream_Packetizer_0/U0/multicobs_encoder_inst/COBS_ENCODERS[0].COBS_ENCODER_I_OUTPUT_FIFO/xpm_fifo_base_inst/gen_sdpram.xpm_memory_base_inst/gen_wr_a.gen_word_narrow.mem_reg/ENARDEN (net: design_1_i/MME_0/U0/AXI4Stream_Packetizer_0/U0/multicobs_encoder_inst/COBS_ENCODERS[0].COBS_ENCODER_I_OUTPUT_FIFO/xpm_fifo_base_inst/gen_sdpram.xpm_memory_base_inst/wea[0]) which is driven by a register (design_1_i/MME_0/U0/AXI4Stream_Packetizer_0/U0/multicobs_encoder_inst/COBS_ENCODERS[0].COBS_ENCODER_I/stream_history_fifo/read_index_reg[7]) that has an active asychronous set or reset. This may cause corruption of the memory contents and/or read values when the set/reset is asserted and is not analyzed by the default static timing analysis. It is suggested to eliminate the use of a set/reset to registers driving this RAMB pin or else use a synchronous reset in which the assertion of the reset is timed by default.
Related violations: <none>

REQP-1840#10 Warning
RAMB18 async control check  
The RAMB18E1 design_1_i/MME_0/U0/AXI4Stream_Packetizer_0/U0/multicobs_encoder_inst/COBS_ENCODERS[0].COBS_ENCODER_I_OUTPUT_FIFO/xpm_fifo_base_inst/gen_sdpram.xpm_memory_base_inst/gen_wr_a.gen_word_narrow.mem_reg has an input control pin design_1_i/MME_0/U0/AXI4Stream_Packetizer_0/U0/multicobs_encoder_inst/COBS_ENCODERS[0].COBS_ENCODER_I_OUTPUT_FIFO/xpm_fifo_base_inst/gen_sdpram.xpm_memory_base_inst/gen_wr_a.gen_word_narrow.mem_reg/ENARDEN (net: design_1_i/MME_0/U0/AXI4Stream_Packetizer_0/U0/multicobs_encoder_inst/COBS_ENCODERS[0].COBS_ENCODER_I_OUTPUT_FIFO/xpm_fifo_base_inst/gen_sdpram.xpm_memory_base_inst/wea[0]) which is driven by a register (design_1_i/MME_0/U0/AXI4Stream_Packetizer_0/U0/multicobs_encoder_inst/COBS_ENCODERS[0].COBS_ENCODER_I/stream_history_fifo/write_index_reg[0]) that has an active asychronous set or reset. This may cause corruption of the memory contents and/or read values when the set/reset is asserted and is not analyzed by the default static timing analysis. It is suggested to eliminate the use of a set/reset to registers driving this RAMB pin or else use a synchronous reset in which the assertion of the reset is timed by default.
Related violations: <none>

REQP-1840#11 Warning
RAMB18 async control check  
The RAMB18E1 design_1_i/MME_0/U0/AXI4Stream_Packetizer_0/U0/multicobs_encoder_inst/COBS_ENCODERS[0].COBS_ENCODER_I_OUTPUT_FIFO/xpm_fifo_base_inst/gen_sdpram.xpm_memory_base_inst/gen_wr_a.gen_word_narrow.mem_reg has an input control pin design_1_i/MME_0/U0/AXI4Stream_Packetizer_0/U0/multicobs_encoder_inst/COBS_ENCODERS[0].COBS_ENCODER_I_OUTPUT_FIFO/xpm_fifo_base_inst/gen_sdpram.xpm_memory_base_inst/gen_wr_a.gen_word_narrow.mem_reg/ENARDEN (net: design_1_i/MME_0/U0/AXI4Stream_Packetizer_0/U0/multicobs_encoder_inst/COBS_ENCODERS[0].COBS_ENCODER_I_OUTPUT_FIFO/xpm_fifo_base_inst/gen_sdpram.xpm_memory_base_inst/wea[0]) which is driven by a register (design_1_i/MME_0/U0/AXI4Stream_Packetizer_0/U0/multicobs_encoder_inst/COBS_ENCODERS[0].COBS_ENCODER_I/stream_history_fifo/write_index_reg[1]) that has an active asychronous set or reset. This may cause corruption of the memory contents and/or read values when the set/reset is asserted and is not analyzed by the default static timing analysis. It is suggested to eliminate the use of a set/reset to registers driving this RAMB pin or else use a synchronous reset in which the assertion of the reset is timed by default.
Related violations: <none>

REQP-1840#12 Warning
RAMB18 async control check  
The RAMB18E1 design_1_i/MME_0/U0/AXI4Stream_Packetizer_0/U0/multicobs_encoder_inst/COBS_ENCODERS[0].COBS_ENCODER_I_OUTPUT_FIFO/xpm_fifo_base_inst/gen_sdpram.xpm_memory_base_inst/gen_wr_a.gen_word_narrow.mem_reg has an input control pin design_1_i/MME_0/U0/AXI4Stream_Packetizer_0/U0/multicobs_encoder_inst/COBS_ENCODERS[0].COBS_ENCODER_I_OUTPUT_FIFO/xpm_fifo_base_inst/gen_sdpram.xpm_memory_base_inst/gen_wr_a.gen_word_narrow.mem_reg/ENARDEN (net: design_1_i/MME_0/U0/AXI4Stream_Packetizer_0/U0/multicobs_encoder_inst/COBS_ENCODERS[0].COBS_ENCODER_I_OUTPUT_FIFO/xpm_fifo_base_inst/gen_sdpram.xpm_memory_base_inst/wea[0]) which is driven by a register (design_1_i/MME_0/U0/AXI4Stream_Packetizer_0/U0/multicobs_encoder_inst/COBS_ENCODERS[0].COBS_ENCODER_I/stream_history_fifo/write_index_reg[2]) that has an active asychronous set or reset. This may cause corruption of the memory contents and/or read values when the set/reset is asserted and is not analyzed by the default static timing analysis. It is suggested to eliminate the use of a set/reset to registers driving this RAMB pin or else use a synchronous reset in which the assertion of the reset is timed by default.
Related violations: <none>

REQP-1840#13 Warning
RAMB18 async control check  
The RAMB18E1 design_1_i/MME_0/U0/AXI4Stream_Packetizer_0/U0/multicobs_encoder_inst/COBS_ENCODERS[0].COBS_ENCODER_I_OUTPUT_FIFO/xpm_fifo_base_inst/gen_sdpram.xpm_memory_base_inst/gen_wr_a.gen_word_narrow.mem_reg has an input control pin design_1_i/MME_0/U0/AXI4Stream_Packetizer_0/U0/multicobs_encoder_inst/COBS_ENCODERS[0].COBS_ENCODER_I_OUTPUT_FIFO/xpm_fifo_base_inst/gen_sdpram.xpm_memory_base_inst/gen_wr_a.gen_word_narrow.mem_reg/ENARDEN (net: design_1_i/MME_0/U0/AXI4Stream_Packetizer_0/U0/multicobs_encoder_inst/COBS_ENCODERS[0].COBS_ENCODER_I_OUTPUT_FIFO/xpm_fifo_base_inst/gen_sdpram.xpm_memory_base_inst/wea[0]) which is driven by a register (design_1_i/MME_0/U0/AXI4Stream_Packetizer_0/U0/multicobs_encoder_inst/COBS_ENCODERS[0].COBS_ENCODER_I/stream_history_fifo/write_index_reg[3]) that has an active asychronous set or reset. This may cause corruption of the memory contents and/or read values when the set/reset is asserted and is not analyzed by the default static timing analysis. It is suggested to eliminate the use of a set/reset to registers driving this RAMB pin or else use a synchronous reset in which the assertion of the reset is timed by default.
Related violations: <none>

REQP-1840#14 Warning
RAMB18 async control check  
The RAMB18E1 design_1_i/MME_0/U0/AXI4Stream_Packetizer_0/U0/multicobs_encoder_inst/COBS_ENCODERS[0].COBS_ENCODER_I_OUTPUT_FIFO/xpm_fifo_base_inst/gen_sdpram.xpm_memory_base_inst/gen_wr_a.gen_word_narrow.mem_reg has an input control pin design_1_i/MME_0/U0/AXI4Stream_Packetizer_0/U0/multicobs_encoder_inst/COBS_ENCODERS[0].COBS_ENCODER_I_OUTPUT_FIFO/xpm_fifo_base_inst/gen_sdpram.xpm_memory_base_inst/gen_wr_a.gen_word_narrow.mem_reg/ENARDEN (net: design_1_i/MME_0/U0/AXI4Stream_Packetizer_0/U0/multicobs_encoder_inst/COBS_ENCODERS[0].COBS_ENCODER_I_OUTPUT_FIFO/xpm_fifo_base_inst/gen_sdpram.xpm_memory_base_inst/wea[0]) which is driven by a register (design_1_i/MME_0/U0/AXI4Stream_Packetizer_0/U0/multicobs_encoder_inst/COBS_ENCODERS[0].COBS_ENCODER_I/stream_history_fifo/write_index_reg[4]) that has an active asychronous set or reset. This may cause corruption of the memory contents and/or read values when the set/reset is asserted and is not analyzed by the default static timing analysis. It is suggested to eliminate the use of a set/reset to registers driving this RAMB pin or else use a synchronous reset in which the assertion of the reset is timed by default.
Related violations: <none>

REQP-1840#15 Warning
RAMB18 async control check  
The RAMB18E1 design_1_i/MME_0/U0/AXI4Stream_Packetizer_0/U0/multicobs_encoder_inst/COBS_ENCODERS[0].COBS_ENCODER_I_OUTPUT_FIFO/xpm_fifo_base_inst/gen_sdpram.xpm_memory_base_inst/gen_wr_a.gen_word_narrow.mem_reg has an input control pin design_1_i/MME_0/U0/AXI4Stream_Packetizer_0/U0/multicobs_encoder_inst/COBS_ENCODERS[0].COBS_ENCODER_I_OUTPUT_FIFO/xpm_fifo_base_inst/gen_sdpram.xpm_memory_base_inst/gen_wr_a.gen_word_narrow.mem_reg/ENARDEN (net: design_1_i/MME_0/U0/AXI4Stream_Packetizer_0/U0/multicobs_encoder_inst/COBS_ENCODERS[0].COBS_ENCODER_I_OUTPUT_FIFO/xpm_fifo_base_inst/gen_sdpram.xpm_memory_base_inst/wea[0]) which is driven by a register (design_1_i/MME_0/U0/AXI4Stream_Packetizer_0/U0/multicobs_encoder_inst/COBS_ENCODERS[0].COBS_ENCODER_I/stream_history_fifo/write_index_reg[5]) that has an active asychronous set or reset. This may cause corruption of the memory contents and/or read values when the set/reset is asserted and is not analyzed by the default static timing analysis. It is suggested to eliminate the use of a set/reset to registers driving this RAMB pin or else use a synchronous reset in which the assertion of the reset is timed by default.
Related violations: <none>

REQP-1840#16 Warning
RAMB18 async control check  
The RAMB18E1 design_1_i/MME_0/U0/AXI4Stream_Packetizer_0/U0/multicobs_encoder_inst/COBS_ENCODERS[0].COBS_ENCODER_I_OUTPUT_FIFO/xpm_fifo_base_inst/gen_sdpram.xpm_memory_base_inst/gen_wr_a.gen_word_narrow.mem_reg has an input control pin design_1_i/MME_0/U0/AXI4Stream_Packetizer_0/U0/multicobs_encoder_inst/COBS_ENCODERS[0].COBS_ENCODER_I_OUTPUT_FIFO/xpm_fifo_base_inst/gen_sdpram.xpm_memory_base_inst/gen_wr_a.gen_word_narrow.mem_reg/ENARDEN (net: design_1_i/MME_0/U0/AXI4Stream_Packetizer_0/U0/multicobs_encoder_inst/COBS_ENCODERS[0].COBS_ENCODER_I_OUTPUT_FIFO/xpm_fifo_base_inst/gen_sdpram.xpm_memory_base_inst/wea[0]) which is driven by a register (design_1_i/MME_0/U0/AXI4Stream_Packetizer_0/U0/multicobs_encoder_inst/COBS_ENCODERS[0].COBS_ENCODER_I/stream_history_fifo/write_index_reg[6]) that has an active asychronous set or reset. This may cause corruption of the memory contents and/or read values when the set/reset is asserted and is not analyzed by the default static timing analysis. It is suggested to eliminate the use of a set/reset to registers driving this RAMB pin or else use a synchronous reset in which the assertion of the reset is timed by default.
Related violations: <none>

REQP-1840#17 Warning
RAMB18 async control check  
The RAMB18E1 design_1_i/MME_0/U0/AXI4Stream_Packetizer_0/U0/multicobs_encoder_inst/COBS_ENCODERS[0].COBS_ENCODER_I_OUTPUT_FIFO/xpm_fifo_base_inst/gen_sdpram.xpm_memory_base_inst/gen_wr_a.gen_word_narrow.mem_reg has an input control pin design_1_i/MME_0/U0/AXI4Stream_Packetizer_0/U0/multicobs_encoder_inst/COBS_ENCODERS[0].COBS_ENCODER_I_OUTPUT_FIFO/xpm_fifo_base_inst/gen_sdpram.xpm_memory_base_inst/gen_wr_a.gen_word_narrow.mem_reg/ENARDEN (net: design_1_i/MME_0/U0/AXI4Stream_Packetizer_0/U0/multicobs_encoder_inst/COBS_ENCODERS[0].COBS_ENCODER_I_OUTPUT_FIFO/xpm_fifo_base_inst/gen_sdpram.xpm_memory_base_inst/wea[0]) which is driven by a register (design_1_i/MME_0/U0/AXI4Stream_Packetizer_0/U0/multicobs_encoder_inst/COBS_ENCODERS[0].COBS_ENCODER_I/stream_history_fifo/write_index_reg[7]) that has an active asychronous set or reset. This may cause corruption of the memory contents and/or read values when the set/reset is asserted and is not analyzed by the default static timing analysis. It is suggested to eliminate the use of a set/reset to registers driving this RAMB pin or else use a synchronous reset in which the assertion of the reset is timed by default.
Related violations: <none>

REQP-1840#18 Warning
RAMB18 async control check  
The RAMB18E1 design_1_i/MME_0/U0/AXI4Stream_Packetizer_0/U0/multicobs_encoder_inst/COBS_ENCODERS[1].COBS_ENCODER_I_OUTPUT_FIFO/xpm_fifo_base_inst/gen_sdpram.xpm_memory_base_inst/gen_wr_a.gen_word_narrow.mem_reg has an input control pin design_1_i/MME_0/U0/AXI4Stream_Packetizer_0/U0/multicobs_encoder_inst/COBS_ENCODERS[1].COBS_ENCODER_I_OUTPUT_FIFO/xpm_fifo_base_inst/gen_sdpram.xpm_memory_base_inst/gen_wr_a.gen_word_narrow.mem_reg/ENARDEN (net: design_1_i/MME_0/U0/AXI4Stream_Packetizer_0/U0/multicobs_encoder_inst/COBS_ENCODERS[1].COBS_ENCODER_I_OUTPUT_FIFO/xpm_fifo_base_inst/gen_sdpram.xpm_memory_base_inst/wea[0]) which is driven by a register (design_1_i/MME_0/U0/AXI4Stream_Packetizer_0/U0/multicobs_encoder_inst/COBS_ENCODERS[1].COBS_ENCODER_I/stream_history_fifo/full_int_reg) that has an active asychronous set or reset. This may cause corruption of the memory contents and/or read values when the set/reset is asserted and is not analyzed by the default static timing analysis. It is suggested to eliminate the use of a set/reset to registers driving this RAMB pin or else use a synchronous reset in which the assertion of the reset is timed by default.
Related violations: <none>

REQP-1840#19 Warning
RAMB18 async control check  
The RAMB18E1 design_1_i/MME_0/U0/AXI4Stream_Packetizer_0/U0/multicobs_encoder_inst/COBS_ENCODERS[1].COBS_ENCODER_I_OUTPUT_FIFO/xpm_fifo_base_inst/gen_sdpram.xpm_memory_base_inst/gen_wr_a.gen_word_narrow.mem_reg has an input control pin design_1_i/MME_0/U0/AXI4Stream_Packetizer_0/U0/multicobs_encoder_inst/COBS_ENCODERS[1].COBS_ENCODER_I_OUTPUT_FIFO/xpm_fifo_base_inst/gen_sdpram.xpm_memory_base_inst/gen_wr_a.gen_word_narrow.mem_reg/ENARDEN (net: design_1_i/MME_0/U0/AXI4Stream_Packetizer_0/U0/multicobs_encoder_inst/COBS_ENCODERS[1].COBS_ENCODER_I_OUTPUT_FIFO/xpm_fifo_base_inst/gen_sdpram.xpm_memory_base_inst/wea[0]) which is driven by a register (design_1_i/MME_0/U0/AXI4Stream_Packetizer_0/U0/multicobs_encoder_inst/COBS_ENCODERS[1].COBS_ENCODER_I/stream_history_fifo/read_index_reg[0]) that has an active asychronous set or reset. This may cause corruption of the memory contents and/or read values when the set/reset is asserted and is not analyzed by the default static timing analysis. It is suggested to eliminate the use of a set/reset to registers driving this RAMB pin or else use a synchronous reset in which the assertion of the reset is timed by default.
Related violations: <none>

REQP-1840#20 Warning
RAMB18 async control check  
The RAMB18E1 design_1_i/MME_0/U0/AXI4Stream_Packetizer_0/U0/multicobs_encoder_inst/COBS_ENCODERS[1].COBS_ENCODER_I_OUTPUT_FIFO/xpm_fifo_base_inst/gen_sdpram.xpm_memory_base_inst/gen_wr_a.gen_word_narrow.mem_reg has an input control pin design_1_i/MME_0/U0/AXI4Stream_Packetizer_0/U0/multicobs_encoder_inst/COBS_ENCODERS[1].COBS_ENCODER_I_OUTPUT_FIFO/xpm_fifo_base_inst/gen_sdpram.xpm_memory_base_inst/gen_wr_a.gen_word_narrow.mem_reg/ENARDEN (net: design_1_i/MME_0/U0/AXI4Stream_Packetizer_0/U0/multicobs_encoder_inst/COBS_ENCODERS[1].COBS_ENCODER_I_OUTPUT_FIFO/xpm_fifo_base_inst/gen_sdpram.xpm_memory_base_inst/wea[0]) which is driven by a register (design_1_i/MME_0/U0/AXI4Stream_Packetizer_0/U0/multicobs_encoder_inst/COBS_ENCODERS[1].COBS_ENCODER_I/stream_history_fifo/read_index_reg[1]) that has an active asychronous set or reset. This may cause corruption of the memory contents and/or read values when the set/reset is asserted and is not analyzed by the default static timing analysis. It is suggested to eliminate the use of a set/reset to registers driving this RAMB pin or else use a synchronous reset in which the assertion of the reset is timed by default.
Related violations: <none>

AVAL-4#1 Advisory
enum_USE_DPORT_FALSE_enum_DREG_ADREG_0_connects_CED_CEAD_RSTD_GND  
design_1_i/TDC_Calib/TDC/Ch1/AXI4Stream_DSP_TDC_0/U0/Inst_AXI4Stream_DSP_TDC_Wrapper/Inst_TDC/DSP48E1_inst: DSP48E1 is not using the D port (USE_DPORT = FALSE). For improved power characteristics, set DREG and ADREG to '1', tie CED, CEAD, and RSTD to logic '0'.
Related violations: <none>

AVAL-4#2 Advisory
enum_USE_DPORT_FALSE_enum_DREG_ADREG_0_connects_CED_CEAD_RSTD_GND  
design_1_i/TDC_Calib/TDC/Ch1/AXI4Stream_DSP_TDC_0/U0/Inst_AXI4Stream_DSP_TDC_Wrapper/Inst_TDC/Gen_DSP48E1_TDC[1].DSP48E1_inst: DSP48E1 is not using the D port (USE_DPORT = FALSE). For improved power characteristics, set DREG and ADREG to '1', tie CED, CEAD, and RSTD to logic '0'.
Related violations: <none>

AVAL-4#3 Advisory
enum_USE_DPORT_FALSE_enum_DREG_ADREG_0_connects_CED_CEAD_RSTD_GND  
design_1_i/TDC_Calib/TDC/Ch1/AXI4Stream_DSP_TDC_0/U0/Inst_AXI4Stream_DSP_TDC_Wrapper/Inst_TDC/Gen_DSP48E1_TDC[2].DSP48E1_inst: DSP48E1 is not using the D port (USE_DPORT = FALSE). For improved power characteristics, set DREG and ADREG to '1', tie CED, CEAD, and RSTD to logic '0'.
Related violations: <none>

AVAL-4#4 Advisory
enum_USE_DPORT_FALSE_enum_DREG_ADREG_0_connects_CED_CEAD_RSTD_GND  
design_1_i/TDC_Calib/TDC/Ch1/AXI4Stream_DSP_TDC_0/U0/Inst_AXI4Stream_DSP_TDC_Wrapper/Inst_TDC/Gen_DSP48E1_TDC[3].DSP48E1_inst: DSP48E1 is not using the D port (USE_DPORT = FALSE). For improved power characteristics, set DREG and ADREG to '1', tie CED, CEAD, and RSTD to logic '0'.
Related violations: <none>

AVAL-4#5 Advisory
enum_USE_DPORT_FALSE_enum_DREG_ADREG_0_connects_CED_CEAD_RSTD_GND  
design_1_i/TDC_Calib/TDC/Ch2/AXI4Stream_DSP_TDC_0/U0/Inst_AXI4Stream_DSP_TDC_Wrapper/Inst_TDC/DSP48E1_inst: DSP48E1 is not using the D port (USE_DPORT = FALSE). For improved power characteristics, set DREG and ADREG to '1', tie CED, CEAD, and RSTD to logic '0'.
Related violations: <none>

AVAL-4#6 Advisory
enum_USE_DPORT_FALSE_enum_DREG_ADREG_0_connects_CED_CEAD_RSTD_GND  
design_1_i/TDC_Calib/TDC/Ch2/AXI4Stream_DSP_TDC_0/U0/Inst_AXI4Stream_DSP_TDC_Wrapper/Inst_TDC/Gen_DSP48E1_TDC[1].DSP48E1_inst: DSP48E1 is not using the D port (USE_DPORT = FALSE). For improved power characteristics, set DREG and ADREG to '1', tie CED, CEAD, and RSTD to logic '0'.
Related violations: <none>

AVAL-4#7 Advisory
enum_USE_DPORT_FALSE_enum_DREG_ADREG_0_connects_CED_CEAD_RSTD_GND  
design_1_i/TDC_Calib/TDC/Ch2/AXI4Stream_DSP_TDC_0/U0/Inst_AXI4Stream_DSP_TDC_Wrapper/Inst_TDC/Gen_DSP48E1_TDC[2].DSP48E1_inst: DSP48E1 is not using the D port (USE_DPORT = FALSE). For improved power characteristics, set DREG and ADREG to '1', tie CED, CEAD, and RSTD to logic '0'.
Related violations: <none>

AVAL-4#8 Advisory
enum_USE_DPORT_FALSE_enum_DREG_ADREG_0_connects_CED_CEAD_RSTD_GND  
design_1_i/TDC_Calib/TDC/Ch2/AXI4Stream_DSP_TDC_0/U0/Inst_AXI4Stream_DSP_TDC_Wrapper/Inst_TDC/Gen_DSP48E1_TDC[3].DSP48E1_inst: DSP48E1 is not using the D port (USE_DPORT = FALSE). For improved power characteristics, set DREG and ADREG to '1', tie CED, CEAD, and RSTD to logic '0'.
Related violations: <none>

AVAL-4#9 Advisory
enum_USE_DPORT_FALSE_enum_DREG_ADREG_0_connects_CED_CEAD_RSTD_GND  
design_1_i/TDC_Calib/TDC/Sync/AXI4Stream_DSP_TDC_0/U0/Inst_AXI4Stream_DSP_TDC_Wrapper/Inst_TDC/DSP48E1_inst: DSP48E1 is not using the D port (USE_DPORT = FALSE). For improved power characteristics, set DREG and ADREG to '1', tie CED, CEAD, and RSTD to logic '0'.
Related violations: <none>

AVAL-4#10 Advisory
enum_USE_DPORT_FALSE_enum_DREG_ADREG_0_connects_CED_CEAD_RSTD_GND  
design_1_i/TDC_Calib/TDC/Sync/AXI4Stream_DSP_TDC_0/U0/Inst_AXI4Stream_DSP_TDC_Wrapper/Inst_TDC/Gen_DSP48E1_TDC[1].DSP48E1_inst: DSP48E1 is not using the D port (USE_DPORT = FALSE). For improved power characteristics, set DREG and ADREG to '1', tie CED, CEAD, and RSTD to logic '0'.
Related violations: <none>

AVAL-4#11 Advisory
enum_USE_DPORT_FALSE_enum_DREG_ADREG_0_connects_CED_CEAD_RSTD_GND  
design_1_i/TDC_Calib/TDC/Sync/AXI4Stream_DSP_TDC_0/U0/Inst_AXI4Stream_DSP_TDC_Wrapper/Inst_TDC/Gen_DSP48E1_TDC[2].DSP48E1_inst: DSP48E1 is not using the D port (USE_DPORT = FALSE). For improved power characteristics, set DREG and ADREG to '1', tie CED, CEAD, and RSTD to logic '0'.
Related violations: <none>

AVAL-4#12 Advisory
enum_USE_DPORT_FALSE_enum_DREG_ADREG_0_connects_CED_CEAD_RSTD_GND  
design_1_i/TDC_Calib/TDC/Sync/AXI4Stream_DSP_TDC_0/U0/Inst_AXI4Stream_DSP_TDC_Wrapper/Inst_TDC/Gen_DSP48E1_TDC[3].DSP48E1_inst: DSP48E1 is not using the D port (USE_DPORT = FALSE). For improved power characteristics, set DREG and ADREG to '1', tie CED, CEAD, and RSTD to logic '0'.
Related violations: <none>

AVAL-5#1 Advisory
enum_USE_MULT_NONE_enum_DREG_ADREG_0_connects_CED_CEAD_RSTD_GND  
design_1_i/TDC_Calib/TDC/Ch1/AXI4Stream_DSP_TDC_0/U0/Inst_AXI4Stream_DSP_TDC_Wrapper/Inst_TDC/DSP48E1_inst: DSP48E1 is not using the Multiplier (USE_MULT = NONE). For improved power characteristics, set DREG and ADREG to '1', tie CED, CEAD, and RSTD to logic '0'.
Related violations: <none>

AVAL-5#2 Advisory
enum_USE_MULT_NONE_enum_DREG_ADREG_0_connects_CED_CEAD_RSTD_GND  
design_1_i/TDC_Calib/TDC/Ch1/AXI4Stream_DSP_TDC_0/U0/Inst_AXI4Stream_DSP_TDC_Wrapper/Inst_TDC/Gen_DSP48E1_TDC[1].DSP48E1_inst: DSP48E1 is not using the Multiplier (USE_MULT = NONE). For improved power characteristics, set DREG and ADREG to '1', tie CED, CEAD, and RSTD to logic '0'.
Related violations: <none>

AVAL-5#3 Advisory
enum_USE_MULT_NONE_enum_DREG_ADREG_0_connects_CED_CEAD_RSTD_GND  
design_1_i/TDC_Calib/TDC/Ch1/AXI4Stream_DSP_TDC_0/U0/Inst_AXI4Stream_DSP_TDC_Wrapper/Inst_TDC/Gen_DSP48E1_TDC[2].DSP48E1_inst: DSP48E1 is not using the Multiplier (USE_MULT = NONE). For improved power characteristics, set DREG and ADREG to '1', tie CED, CEAD, and RSTD to logic '0'.
Related violations: <none>

AVAL-5#4 Advisory
enum_USE_MULT_NONE_enum_DREG_ADREG_0_connects_CED_CEAD_RSTD_GND  
design_1_i/TDC_Calib/TDC/Ch1/AXI4Stream_DSP_TDC_0/U0/Inst_AXI4Stream_DSP_TDC_Wrapper/Inst_TDC/Gen_DSP48E1_TDC[3].DSP48E1_inst: DSP48E1 is not using the Multiplier (USE_MULT = NONE). For improved power characteristics, set DREG and ADREG to '1', tie CED, CEAD, and RSTD to logic '0'.
Related violations: <none>

AVAL-5#5 Advisory
enum_USE_MULT_NONE_enum_DREG_ADREG_0_connects_CED_CEAD_RSTD_GND  
design_1_i/TDC_Calib/TDC/Ch2/AXI4Stream_DSP_TDC_0/U0/Inst_AXI4Stream_DSP_TDC_Wrapper/Inst_TDC/DSP48E1_inst: DSP48E1 is not using the Multiplier (USE_MULT = NONE). For improved power characteristics, set DREG and ADREG to '1', tie CED, CEAD, and RSTD to logic '0'.
Related violations: <none>

AVAL-5#6 Advisory
enum_USE_MULT_NONE_enum_DREG_ADREG_0_connects_CED_CEAD_RSTD_GND  
design_1_i/TDC_Calib/TDC/Ch2/AXI4Stream_DSP_TDC_0/U0/Inst_AXI4Stream_DSP_TDC_Wrapper/Inst_TDC/Gen_DSP48E1_TDC[1].DSP48E1_inst: DSP48E1 is not using the Multiplier (USE_MULT = NONE). For improved power characteristics, set DREG and ADREG to '1', tie CED, CEAD, and RSTD to logic '0'.
Related violations: <none>

AVAL-5#7 Advisory
enum_USE_MULT_NONE_enum_DREG_ADREG_0_connects_CED_CEAD_RSTD_GND  
design_1_i/TDC_Calib/TDC/Ch2/AXI4Stream_DSP_TDC_0/U0/Inst_AXI4Stream_DSP_TDC_Wrapper/Inst_TDC/Gen_DSP48E1_TDC[2].DSP48E1_inst: DSP48E1 is not using the Multiplier (USE_MULT = NONE). For improved power characteristics, set DREG and ADREG to '1', tie CED, CEAD, and RSTD to logic '0'.
Related violations: <none>

AVAL-5#8 Advisory
enum_USE_MULT_NONE_enum_DREG_ADREG_0_connects_CED_CEAD_RSTD_GND  
design_1_i/TDC_Calib/TDC/Ch2/AXI4Stream_DSP_TDC_0/U0/Inst_AXI4Stream_DSP_TDC_Wrapper/Inst_TDC/Gen_DSP48E1_TDC[3].DSP48E1_inst: DSP48E1 is not using the Multiplier (USE_MULT = NONE). For improved power characteristics, set DREG and ADREG to '1', tie CED, CEAD, and RSTD to logic '0'.
Related violations: <none>

AVAL-5#9 Advisory
enum_USE_MULT_NONE_enum_DREG_ADREG_0_connects_CED_CEAD_RSTD_GND  
design_1_i/TDC_Calib/TDC/Sync/AXI4Stream_DSP_TDC_0/U0/Inst_AXI4Stream_DSP_TDC_Wrapper/Inst_TDC/DSP48E1_inst: DSP48E1 is not using the Multiplier (USE_MULT = NONE). For improved power characteristics, set DREG and ADREG to '1', tie CED, CEAD, and RSTD to logic '0'.
Related violations: <none>

AVAL-5#10 Advisory
enum_USE_MULT_NONE_enum_DREG_ADREG_0_connects_CED_CEAD_RSTD_GND  
design_1_i/TDC_Calib/TDC/Sync/AXI4Stream_DSP_TDC_0/U0/Inst_AXI4Stream_DSP_TDC_Wrapper/Inst_TDC/Gen_DSP48E1_TDC[1].DSP48E1_inst: DSP48E1 is not using the Multiplier (USE_MULT = NONE). For improved power characteristics, set DREG and ADREG to '1', tie CED, CEAD, and RSTD to logic '0'.
Related violations: <none>

AVAL-5#11 Advisory
enum_USE_MULT_NONE_enum_DREG_ADREG_0_connects_CED_CEAD_RSTD_GND  
design_1_i/TDC_Calib/TDC/Sync/AXI4Stream_DSP_TDC_0/U0/Inst_AXI4Stream_DSP_TDC_Wrapper/Inst_TDC/Gen_DSP48E1_TDC[2].DSP48E1_inst: DSP48E1 is not using the Multiplier (USE_MULT = NONE). For improved power characteristics, set DREG and ADREG to '1', tie CED, CEAD, and RSTD to logic '0'.
Related violations: <none>

AVAL-5#12 Advisory
enum_USE_MULT_NONE_enum_DREG_ADREG_0_connects_CED_CEAD_RSTD_GND  
design_1_i/TDC_Calib/TDC/Sync/AXI4Stream_DSP_TDC_0/U0/Inst_AXI4Stream_DSP_TDC_Wrapper/Inst_TDC/Gen_DSP48E1_TDC[3].DSP48E1_inst: DSP48E1 is not using the Multiplier (USE_MULT = NONE). For improved power characteristics, set DREG and ADREG to '1', tie CED, CEAD, and RSTD to logic '0'.
Related violations: <none>

REQP-22#1 Advisory
enum_AREG_1_connects_CEA1_GND  
design_1_i/TDC_Calib/TDC/Ch1/AXI4Stream_DSP_TDC_0/U0/Inst_AXI4Stream_DSP_TDC_Wrapper/Inst_TDC/DSP48E1_inst: When the DSP48E1 AREG attribute is set to 1, the CEA1 input pin is preferred to be tied to GND to save power when OPMODE0 and OPMODE1 are 1.
Related violations: <none>

REQP-22#2 Advisory
enum_AREG_1_connects_CEA1_GND  
design_1_i/TDC_Calib/TDC/Ch1/AXI4Stream_DSP_TDC_0/U0/Inst_AXI4Stream_DSP_TDC_Wrapper/Inst_TDC/Gen_DSP48E1_TDC[1].DSP48E1_inst: When the DSP48E1 AREG attribute is set to 1, the CEA1 input pin is preferred to be tied to GND to save power when OPMODE0 and OPMODE1 are 1.
Related violations: <none>

REQP-22#3 Advisory
enum_AREG_1_connects_CEA1_GND  
design_1_i/TDC_Calib/TDC/Ch1/AXI4Stream_DSP_TDC_0/U0/Inst_AXI4Stream_DSP_TDC_Wrapper/Inst_TDC/Gen_DSP48E1_TDC[2].DSP48E1_inst: When the DSP48E1 AREG attribute is set to 1, the CEA1 input pin is preferred to be tied to GND to save power when OPMODE0 and OPMODE1 are 1.
Related violations: <none>

REQP-22#4 Advisory
enum_AREG_1_connects_CEA1_GND  
design_1_i/TDC_Calib/TDC/Ch1/AXI4Stream_DSP_TDC_0/U0/Inst_AXI4Stream_DSP_TDC_Wrapper/Inst_TDC/Gen_DSP48E1_TDC[3].DSP48E1_inst: When the DSP48E1 AREG attribute is set to 1, the CEA1 input pin is preferred to be tied to GND to save power when OPMODE0 and OPMODE1 are 1.
Related violations: <none>

REQP-22#5 Advisory
enum_AREG_1_connects_CEA1_GND  
design_1_i/TDC_Calib/TDC/Ch2/AXI4Stream_DSP_TDC_0/U0/Inst_AXI4Stream_DSP_TDC_Wrapper/Inst_TDC/DSP48E1_inst: When the DSP48E1 AREG attribute is set to 1, the CEA1 input pin is preferred to be tied to GND to save power when OPMODE0 and OPMODE1 are 1.
Related violations: <none>

REQP-22#6 Advisory
enum_AREG_1_connects_CEA1_GND  
design_1_i/TDC_Calib/TDC/Ch2/AXI4Stream_DSP_TDC_0/U0/Inst_AXI4Stream_DSP_TDC_Wrapper/Inst_TDC/Gen_DSP48E1_TDC[1].DSP48E1_inst: When the DSP48E1 AREG attribute is set to 1, the CEA1 input pin is preferred to be tied to GND to save power when OPMODE0 and OPMODE1 are 1.
Related violations: <none>

REQP-22#7 Advisory
enum_AREG_1_connects_CEA1_GND  
design_1_i/TDC_Calib/TDC/Ch2/AXI4Stream_DSP_TDC_0/U0/Inst_AXI4Stream_DSP_TDC_Wrapper/Inst_TDC/Gen_DSP48E1_TDC[2].DSP48E1_inst: When the DSP48E1 AREG attribute is set to 1, the CEA1 input pin is preferred to be tied to GND to save power when OPMODE0 and OPMODE1 are 1.
Related violations: <none>

REQP-22#8 Advisory
enum_AREG_1_connects_CEA1_GND  
design_1_i/TDC_Calib/TDC/Ch2/AXI4Stream_DSP_TDC_0/U0/Inst_AXI4Stream_DSP_TDC_Wrapper/Inst_TDC/Gen_DSP48E1_TDC[3].DSP48E1_inst: When the DSP48E1 AREG attribute is set to 1, the CEA1 input pin is preferred to be tied to GND to save power when OPMODE0 and OPMODE1 are 1.
Related violations: <none>

REQP-22#9 Advisory
enum_AREG_1_connects_CEA1_GND  
design_1_i/TDC_Calib/TDC/Sync/AXI4Stream_DSP_TDC_0/U0/Inst_AXI4Stream_DSP_TDC_Wrapper/Inst_TDC/DSP48E1_inst: When the DSP48E1 AREG attribute is set to 1, the CEA1 input pin is preferred to be tied to GND to save power when OPMODE0 and OPMODE1 are 1.
Related violations: <none>

REQP-22#10 Advisory
enum_AREG_1_connects_CEA1_GND  
design_1_i/TDC_Calib/TDC/Sync/AXI4Stream_DSP_TDC_0/U0/Inst_AXI4Stream_DSP_TDC_Wrapper/Inst_TDC/Gen_DSP48E1_TDC[1].DSP48E1_inst: When the DSP48E1 AREG attribute is set to 1, the CEA1 input pin is preferred to be tied to GND to save power when OPMODE0 and OPMODE1 are 1.
Related violations: <none>

REQP-22#11 Advisory
enum_AREG_1_connects_CEA1_GND  
design_1_i/TDC_Calib/TDC/Sync/AXI4Stream_DSP_TDC_0/U0/Inst_AXI4Stream_DSP_TDC_Wrapper/Inst_TDC/Gen_DSP48E1_TDC[2].DSP48E1_inst: When the DSP48E1 AREG attribute is set to 1, the CEA1 input pin is preferred to be tied to GND to save power when OPMODE0 and OPMODE1 are 1.
Related violations: <none>

REQP-22#12 Advisory
enum_AREG_1_connects_CEA1_GND  
design_1_i/TDC_Calib/TDC/Sync/AXI4Stream_DSP_TDC_0/U0/Inst_AXI4Stream_DSP_TDC_Wrapper/Inst_TDC/Gen_DSP48E1_TDC[3].DSP48E1_inst: When the DSP48E1 AREG attribute is set to 1, the CEA1 input pin is preferred to be tied to GND to save power when OPMODE0 and OPMODE1 are 1.
Related violations: <none>

REQP-26#1 Advisory
enum_BREG_1_connects_CEB1_GND  
design_1_i/TDC_Calib/TDC/Ch1/AXI4Stream_DSP_TDC_0/U0/Inst_AXI4Stream_DSP_TDC_Wrapper/Inst_TDC/DSP48E1_inst: When the DSP48E1 BREG attribute is set to 1, the CEB1 input pin is preferred to be tied to GND to save power when OPMODE0 and OPMODE1 are 1.
Related violations: <none>

REQP-26#2 Advisory
enum_BREG_1_connects_CEB1_GND  
design_1_i/TDC_Calib/TDC/Ch1/AXI4Stream_DSP_TDC_0/U0/Inst_AXI4Stream_DSP_TDC_Wrapper/Inst_TDC/Gen_DSP48E1_TDC[1].DSP48E1_inst: When the DSP48E1 BREG attribute is set to 1, the CEB1 input pin is preferred to be tied to GND to save power when OPMODE0 and OPMODE1 are 1.
Related violations: <none>

REQP-26#3 Advisory
enum_BREG_1_connects_CEB1_GND  
design_1_i/TDC_Calib/TDC/Ch1/AXI4Stream_DSP_TDC_0/U0/Inst_AXI4Stream_DSP_TDC_Wrapper/Inst_TDC/Gen_DSP48E1_TDC[2].DSP48E1_inst: When the DSP48E1 BREG attribute is set to 1, the CEB1 input pin is preferred to be tied to GND to save power when OPMODE0 and OPMODE1 are 1.
Related violations: <none>

REQP-26#4 Advisory
enum_BREG_1_connects_CEB1_GND  
design_1_i/TDC_Calib/TDC/Ch1/AXI4Stream_DSP_TDC_0/U0/Inst_AXI4Stream_DSP_TDC_Wrapper/Inst_TDC/Gen_DSP48E1_TDC[3].DSP48E1_inst: When the DSP48E1 BREG attribute is set to 1, the CEB1 input pin is preferred to be tied to GND to save power when OPMODE0 and OPMODE1 are 1.
Related violations: <none>

REQP-26#5 Advisory
enum_BREG_1_connects_CEB1_GND  
design_1_i/TDC_Calib/TDC/Ch2/AXI4Stream_DSP_TDC_0/U0/Inst_AXI4Stream_DSP_TDC_Wrapper/Inst_TDC/DSP48E1_inst: When the DSP48E1 BREG attribute is set to 1, the CEB1 input pin is preferred to be tied to GND to save power when OPMODE0 and OPMODE1 are 1.
Related violations: <none>

REQP-26#6 Advisory
enum_BREG_1_connects_CEB1_GND  
design_1_i/TDC_Calib/TDC/Ch2/AXI4Stream_DSP_TDC_0/U0/Inst_AXI4Stream_DSP_TDC_Wrapper/Inst_TDC/Gen_DSP48E1_TDC[1].DSP48E1_inst: When the DSP48E1 BREG attribute is set to 1, the CEB1 input pin is preferred to be tied to GND to save power when OPMODE0 and OPMODE1 are 1.
Related violations: <none>

REQP-26#7 Advisory
enum_BREG_1_connects_CEB1_GND  
design_1_i/TDC_Calib/TDC/Ch2/AXI4Stream_DSP_TDC_0/U0/Inst_AXI4Stream_DSP_TDC_Wrapper/Inst_TDC/Gen_DSP48E1_TDC[2].DSP48E1_inst: When the DSP48E1 BREG attribute is set to 1, the CEB1 input pin is preferred to be tied to GND to save power when OPMODE0 and OPMODE1 are 1.
Related violations: <none>

REQP-26#8 Advisory
enum_BREG_1_connects_CEB1_GND  
design_1_i/TDC_Calib/TDC/Ch2/AXI4Stream_DSP_TDC_0/U0/Inst_AXI4Stream_DSP_TDC_Wrapper/Inst_TDC/Gen_DSP48E1_TDC[3].DSP48E1_inst: When the DSP48E1 BREG attribute is set to 1, the CEB1 input pin is preferred to be tied to GND to save power when OPMODE0 and OPMODE1 are 1.
Related violations: <none>

REQP-26#9 Advisory
enum_BREG_1_connects_CEB1_GND  
design_1_i/TDC_Calib/TDC/Sync/AXI4Stream_DSP_TDC_0/U0/Inst_AXI4Stream_DSP_TDC_Wrapper/Inst_TDC/DSP48E1_inst: When the DSP48E1 BREG attribute is set to 1, the CEB1 input pin is preferred to be tied to GND to save power when OPMODE0 and OPMODE1 are 1.
Related violations: <none>

REQP-26#10 Advisory
enum_BREG_1_connects_CEB1_GND  
design_1_i/TDC_Calib/TDC/Sync/AXI4Stream_DSP_TDC_0/U0/Inst_AXI4Stream_DSP_TDC_Wrapper/Inst_TDC/Gen_DSP48E1_TDC[1].DSP48E1_inst: When the DSP48E1 BREG attribute is set to 1, the CEB1 input pin is preferred to be tied to GND to save power when OPMODE0 and OPMODE1 are 1.
Related violations: <none>

REQP-26#11 Advisory
enum_BREG_1_connects_CEB1_GND  
design_1_i/TDC_Calib/TDC/Sync/AXI4Stream_DSP_TDC_0/U0/Inst_AXI4Stream_DSP_TDC_Wrapper/Inst_TDC/Gen_DSP48E1_TDC[2].DSP48E1_inst: When the DSP48E1 BREG attribute is set to 1, the CEB1 input pin is preferred to be tied to GND to save power when OPMODE0 and OPMODE1 are 1.
Related violations: <none>

REQP-26#12 Advisory
enum_BREG_1_connects_CEB1_GND  
design_1_i/TDC_Calib/TDC/Sync/AXI4Stream_DSP_TDC_0/U0/Inst_AXI4Stream_DSP_TDC_Wrapper/Inst_TDC/Gen_DSP48E1_TDC[3].DSP48E1_inst: When the DSP48E1 BREG attribute is set to 1, the CEB1 input pin is preferred to be tied to GND to save power when OPMODE0 and OPMODE1 are 1.
Related violations: <none>

REQP-28#1 Advisory
enum_USE_MULT_NONE_connects_CEM_GND  
design_1_i/TDC_Calib/TDC/Ch1/AXI4Stream_DSP_TDC_0/U0/Inst_AXI4Stream_DSP_TDC_Wrapper/Inst_TDC/DSP48E1_inst: When the DSP48E1 USE_MULT attribute is set to NONE, the CEM input pin should be tied to GND to save power.
Related violations: <none>

REQP-28#2 Advisory
enum_USE_MULT_NONE_connects_CEM_GND  
design_1_i/TDC_Calib/TDC/Ch1/AXI4Stream_DSP_TDC_0/U0/Inst_AXI4Stream_DSP_TDC_Wrapper/Inst_TDC/Gen_DSP48E1_TDC[1].DSP48E1_inst: When the DSP48E1 USE_MULT attribute is set to NONE, the CEM input pin should be tied to GND to save power.
Related violations: <none>

REQP-28#3 Advisory
enum_USE_MULT_NONE_connects_CEM_GND  
design_1_i/TDC_Calib/TDC/Ch1/AXI4Stream_DSP_TDC_0/U0/Inst_AXI4Stream_DSP_TDC_Wrapper/Inst_TDC/Gen_DSP48E1_TDC[2].DSP48E1_inst: When the DSP48E1 USE_MULT attribute is set to NONE, the CEM input pin should be tied to GND to save power.
Related violations: <none>

REQP-28#4 Advisory
enum_USE_MULT_NONE_connects_CEM_GND  
design_1_i/TDC_Calib/TDC/Ch1/AXI4Stream_DSP_TDC_0/U0/Inst_AXI4Stream_DSP_TDC_Wrapper/Inst_TDC/Gen_DSP48E1_TDC[3].DSP48E1_inst: When the DSP48E1 USE_MULT attribute is set to NONE, the CEM input pin should be tied to GND to save power.
Related violations: <none>

REQP-28#5 Advisory
enum_USE_MULT_NONE_connects_CEM_GND  
design_1_i/TDC_Calib/TDC/Ch2/AXI4Stream_DSP_TDC_0/U0/Inst_AXI4Stream_DSP_TDC_Wrapper/Inst_TDC/DSP48E1_inst: When the DSP48E1 USE_MULT attribute is set to NONE, the CEM input pin should be tied to GND to save power.
Related violations: <none>

REQP-28#6 Advisory
enum_USE_MULT_NONE_connects_CEM_GND  
design_1_i/TDC_Calib/TDC/Ch2/AXI4Stream_DSP_TDC_0/U0/Inst_AXI4Stream_DSP_TDC_Wrapper/Inst_TDC/Gen_DSP48E1_TDC[1].DSP48E1_inst: When the DSP48E1 USE_MULT attribute is set to NONE, the CEM input pin should be tied to GND to save power.
Related violations: <none>

REQP-28#7 Advisory
enum_USE_MULT_NONE_connects_CEM_GND  
design_1_i/TDC_Calib/TDC/Ch2/AXI4Stream_DSP_TDC_0/U0/Inst_AXI4Stream_DSP_TDC_Wrapper/Inst_TDC/Gen_DSP48E1_TDC[2].DSP48E1_inst: When the DSP48E1 USE_MULT attribute is set to NONE, the CEM input pin should be tied to GND to save power.
Related violations: <none>

REQP-28#8 Advisory
enum_USE_MULT_NONE_connects_CEM_GND  
design_1_i/TDC_Calib/TDC/Ch2/AXI4Stream_DSP_TDC_0/U0/Inst_AXI4Stream_DSP_TDC_Wrapper/Inst_TDC/Gen_DSP48E1_TDC[3].DSP48E1_inst: When the DSP48E1 USE_MULT attribute is set to NONE, the CEM input pin should be tied to GND to save power.
Related violations: <none>

REQP-28#9 Advisory
enum_USE_MULT_NONE_connects_CEM_GND  
design_1_i/TDC_Calib/TDC/Sync/AXI4Stream_DSP_TDC_0/U0/Inst_AXI4Stream_DSP_TDC_Wrapper/Inst_TDC/DSP48E1_inst: When the DSP48E1 USE_MULT attribute is set to NONE, the CEM input pin should be tied to GND to save power.
Related violations: <none>

REQP-28#10 Advisory
enum_USE_MULT_NONE_connects_CEM_GND  
design_1_i/TDC_Calib/TDC/Sync/AXI4Stream_DSP_TDC_0/U0/Inst_AXI4Stream_DSP_TDC_Wrapper/Inst_TDC/Gen_DSP48E1_TDC[1].DSP48E1_inst: When the DSP48E1 USE_MULT attribute is set to NONE, the CEM input pin should be tied to GND to save power.
Related violations: <none>

REQP-28#11 Advisory
enum_USE_MULT_NONE_connects_CEM_GND  
design_1_i/TDC_Calib/TDC/Sync/AXI4Stream_DSP_TDC_0/U0/Inst_AXI4Stream_DSP_TDC_Wrapper/Inst_TDC/Gen_DSP48E1_TDC[2].DSP48E1_inst: When the DSP48E1 USE_MULT attribute is set to NONE, the CEM input pin should be tied to GND to save power.
Related violations: <none>

REQP-28#12 Advisory
enum_USE_MULT_NONE_connects_CEM_GND  
design_1_i/TDC_Calib/TDC/Sync/AXI4Stream_DSP_TDC_0/U0/Inst_AXI4Stream_DSP_TDC_Wrapper/Inst_TDC/Gen_DSP48E1_TDC[3].DSP48E1_inst: When the DSP48E1 USE_MULT attribute is set to NONE, the CEM input pin should be tied to GND to save power.
Related violations: <none>

REQP-30#1 Advisory
enum_MREG_0_connects_CEM_GND  
design_1_i/TDC_Calib/TDC/Ch1/AXI4Stream_DSP_TDC_0/U0/Inst_AXI4Stream_DSP_TDC_Wrapper/Inst_TDC/DSP48E1_inst: When the DSP48E1 MREG attribute is set to 0, the CEM input pin should be tied to GND to save power.
Related violations: <none>

REQP-30#2 Advisory
enum_MREG_0_connects_CEM_GND  
design_1_i/TDC_Calib/TDC/Ch1/AXI4Stream_DSP_TDC_0/U0/Inst_AXI4Stream_DSP_TDC_Wrapper/Inst_TDC/Gen_DSP48E1_TDC[1].DSP48E1_inst: When the DSP48E1 MREG attribute is set to 0, the CEM input pin should be tied to GND to save power.
Related violations: <none>

REQP-30#3 Advisory
enum_MREG_0_connects_CEM_GND  
design_1_i/TDC_Calib/TDC/Ch1/AXI4Stream_DSP_TDC_0/U0/Inst_AXI4Stream_DSP_TDC_Wrapper/Inst_TDC/Gen_DSP48E1_TDC[2].DSP48E1_inst: When the DSP48E1 MREG attribute is set to 0, the CEM input pin should be tied to GND to save power.
Related violations: <none>

REQP-30#4 Advisory
enum_MREG_0_connects_CEM_GND  
design_1_i/TDC_Calib/TDC/Ch1/AXI4Stream_DSP_TDC_0/U0/Inst_AXI4Stream_DSP_TDC_Wrapper/Inst_TDC/Gen_DSP48E1_TDC[3].DSP48E1_inst: When the DSP48E1 MREG attribute is set to 0, the CEM input pin should be tied to GND to save power.
Related violations: <none>

REQP-30#5 Advisory
enum_MREG_0_connects_CEM_GND  
design_1_i/TDC_Calib/TDC/Ch2/AXI4Stream_DSP_TDC_0/U0/Inst_AXI4Stream_DSP_TDC_Wrapper/Inst_TDC/DSP48E1_inst: When the DSP48E1 MREG attribute is set to 0, the CEM input pin should be tied to GND to save power.
Related violations: <none>

REQP-30#6 Advisory
enum_MREG_0_connects_CEM_GND  
design_1_i/TDC_Calib/TDC/Ch2/AXI4Stream_DSP_TDC_0/U0/Inst_AXI4Stream_DSP_TDC_Wrapper/Inst_TDC/Gen_DSP48E1_TDC[1].DSP48E1_inst: When the DSP48E1 MREG attribute is set to 0, the CEM input pin should be tied to GND to save power.
Related violations: <none>

REQP-30#7 Advisory
enum_MREG_0_connects_CEM_GND  
design_1_i/TDC_Calib/TDC/Ch2/AXI4Stream_DSP_TDC_0/U0/Inst_AXI4Stream_DSP_TDC_Wrapper/Inst_TDC/Gen_DSP48E1_TDC[2].DSP48E1_inst: When the DSP48E1 MREG attribute is set to 0, the CEM input pin should be tied to GND to save power.
Related violations: <none>

REQP-30#8 Advisory
enum_MREG_0_connects_CEM_GND  
design_1_i/TDC_Calib/TDC/Ch2/AXI4Stream_DSP_TDC_0/U0/Inst_AXI4Stream_DSP_TDC_Wrapper/Inst_TDC/Gen_DSP48E1_TDC[3].DSP48E1_inst: When the DSP48E1 MREG attribute is set to 0, the CEM input pin should be tied to GND to save power.
Related violations: <none>

REQP-30#9 Advisory
enum_MREG_0_connects_CEM_GND  
design_1_i/TDC_Calib/TDC/Sync/AXI4Stream_DSP_TDC_0/U0/Inst_AXI4Stream_DSP_TDC_Wrapper/Inst_TDC/DSP48E1_inst: When the DSP48E1 MREG attribute is set to 0, the CEM input pin should be tied to GND to save power.
Related violations: <none>

REQP-30#10 Advisory
enum_MREG_0_connects_CEM_GND  
design_1_i/TDC_Calib/TDC/Sync/AXI4Stream_DSP_TDC_0/U0/Inst_AXI4Stream_DSP_TDC_Wrapper/Inst_TDC/Gen_DSP48E1_TDC[1].DSP48E1_inst: When the DSP48E1 MREG attribute is set to 0, the CEM input pin should be tied to GND to save power.
Related violations: <none>

REQP-30#11 Advisory
enum_MREG_0_connects_CEM_GND  
design_1_i/TDC_Calib/TDC/Sync/AXI4Stream_DSP_TDC_0/U0/Inst_AXI4Stream_DSP_TDC_Wrapper/Inst_TDC/Gen_DSP48E1_TDC[2].DSP48E1_inst: When the DSP48E1 MREG attribute is set to 0, the CEM input pin should be tied to GND to save power.
Related violations: <none>

REQP-30#12 Advisory
enum_MREG_0_connects_CEM_GND  
design_1_i/TDC_Calib/TDC/Sync/AXI4Stream_DSP_TDC_0/U0/Inst_AXI4Stream_DSP_TDC_Wrapper/Inst_TDC/Gen_DSP48E1_TDC[3].DSP48E1_inst: When the DSP48E1 MREG attribute is set to 0, the CEM input pin should be tied to GND to save power.
Related violations: <none>

REQP-165#1 Advisory
writefirst  
Synchronous clocking is detected for BRAM (design_1_i/TDC_Calib/AXI4_TDC_Wrapper_0/U0/MagicCalibrator_Debugger_inst/CT_Generation.Inst_DebugMemoryUnitCT/Inst_Memory_FIFO/xpm_fifo_async_inst/gnuram_async_fifo.xpm_fifo_base_inst/gen_sdpram.xpm_memory_base_inst/gen_wr_a.gen_word_narrow.mem_reg) in SDP mode with WRITE_FIRST write-mode. This is the preferred mode for best power characteristics, however it may exhibit address collisions if the same address appears on both read and write ports resulting in unknown or corrupted read data. It is suggested to confirm via simulation that an address collision never occurs and if so it is suggested to try and avoid this situation. If address collisions cannot be avoided, the write-mode may be set to READ_FIRST which guarantees that the read data is the prior contents of the memory at the cost of additional power in the design. See the FPGA Memory Resources User Guide for additional information.
Related violations: <none>


